[2025-05-26 10:26:44] INFO     Clean trade data (HS 370110, 2023, M)
[2025-05-26 10:26:44] INFO     📄 Found file: C:\Users\lik6\OneDrive - Universiteit Leiden\PlasticTradeFlow\tradeflow\cml_trade\data_uncomtrade\split_by_hs_2023_numpy\H6_370110_2023.csv
[2025-05-26 10:26:44] INFO     🧹 Cleaning Summary:
[2025-05-26 10:26:44] INFO      - Initial rows: 8315
[2025-05-26 10:26:44] INFO      - Valid country filter: 7509 (90.31%)
[2025-05-26 10:26:44] INFO      - Valid trade value filter: 6930 (83.34%)
[2025-05-26 10:26:44] INFO      - Valid kg-based UV rows: 4789 (57.59%)
[2025-05-26 10:26:44] INFO     📊 Non-kg UV Subset:
[2025-05-26 10:26:44] INFO      - Top unit: Area in square meters (m²)
[2025-05-26 10:26:44] INFO      - Share of valid qty rows: 82.16% (Required: 10%)
[2025-05-26 10:26:44] INFO      - Valid qty count: 5264 (Required: 100)
[2025-05-26 10:26:44] INFO     ✅ Non-kg UV subset created.
[2025-05-26 10:26:44] INFO     ✅ Finished cleaning: HS 370110, Year 2023, Flow M
[2025-05-26 10:26:44] INFO     ✅ Completed trade data cleaning completed in 0.30 seconds.
[2025-05-26 10:26:46] INFO     Outlier detection (HS 370110, 2023, M)
[2025-05-26 10:26:46] INFO     📊 Outlier Detection on Kg-based UV:
[2025-05-26 10:26:46] INFO     - Dropped 103 rows (2.151%).
[2025-05-26 10:26:46] INFO     - Remaining rows: 4686.
[2025-05-26 10:26:46] INFO     📊 Outlier Detection on Non-kg-based UV:
[2025-05-26 10:26:46] INFO     - Dropped 10 rows (0.190%).
[2025-05-26 10:26:46] INFO     - Remaining rows: 5254.
[2025-05-26 10:26:46] INFO     ✅ Completed outlier detection completed in 0.02 seconds.
[2025-05-26 10:26:47] INFO     Histogram (HS 370110, 2023, M)
[2025-05-26 10:26:48] INFO     ✅ Completed histogram completed in 1.00 seconds.
[2025-05-26 10:26:48] INFO     Modality Test (HS 370110, 2023, M)
[2025-05-26 10:27:10] INFO     📈 Modality Test Summary:
[2025-05-26 10:27:10] INFO     - Column tested: ln_uv
[2025-05-26 10:27:10] INFO     - Original sample size: 4686
[2025-05-26 10:27:10] INFO     ✅ Full sample used.
[2025-05-26 10:27:10] INFO     - Final decision: unimodal (1 reject out of 2)
[2025-05-26 10:27:10] WARNING  ⚠️ Borderline modality test result: SI and HH disagree.
[2025-05-26 10:27:31] INFO     📈 Modality Test Summary:
[2025-05-26 10:27:31] INFO     - Column tested: ln_uv_q
[2025-05-26 10:27:31] INFO     - Original sample size: 5254
[2025-05-26 10:27:31] INFO     ✅ Full sample used.
[2025-05-26 10:27:31] INFO     - Final decision: unimodal (1 reject out of 2)
[2025-05-26 10:27:31] WARNING  ⚠️ Borderline modality test result: SI and HH disagree.
[2025-05-26 10:27:31] INFO     ✅ Completed modality test completed in 42.56 seconds.
[2025-05-26 10:27:31] INFO     Fitting Unimodal distribution of non-kg-based UV (2023, M)
[2025-05-26 10:27:31] INFO     Fitted Norm Distribution
[2025-05-26 10:27:31] INFO     norm_loc: 3.8405
[2025-05-26 10:27:31] INFO     norm_scale: 2.1056
[2025-05-26 10:27:31] INFO     norm_loglik: -11367.1609
[2025-05-26 10:27:31] INFO     norm_mean: 3.8405
[2025-05-26 10:27:31] INFO     norm_median: 3.8405
[2025-05-26 10:27:31] INFO     norm_mode: 3.8405
[2025-05-26 10:27:31] INFO     norm_variance: 4.4334
[2025-05-26 10:27:31] INFO     norm_sample_variance: 4.4343
[2025-05-26 10:27:31] INFO     norm_skew: 0.0000
[2025-05-26 10:27:31] INFO     norm_kurtosis: 0.0000
[2025-05-26 10:27:31] INFO     norm_aic: 22738.3218
[2025-05-26 10:27:31] INFO     norm_bic: 22751.4552
[2025-05-26 10:27:31] INFO     Fitted Skewnorm Distribution
[2025-05-26 10:27:31] INFO     skewnorm_a: 2.2958
[2025-05-26 10:27:31] INFO     skewnorm_loc: 1.5904
[2025-05-26 10:27:31] INFO     skewnorm_scale: 3.0816
[2025-05-26 10:27:31] INFO     skewnorm_loglik: -11234.4989
[2025-05-26 10:27:31] INFO     skewnorm_mean: 3.8446
[2025-05-26 10:27:31] INFO     skewnorm_median: 3.6360
[2025-05-26 10:27:31] INFO     skewnorm_mode: 3.1792
[2025-05-26 10:27:31] INFO     skewnorm_variance: 4.4149
[2025-05-26 10:27:31] INFO     skewnorm_sample_variance: 4.4343
[2025-05-26 10:27:31] INFO     skewnorm_skew: 0.5300
[2025-05-26 10:27:31] INFO     skewnorm_kurtosis: 0.3751
[2025-05-26 10:27:31] INFO     skewnorm_aic: 22474.9979
[2025-05-26 10:27:31] INFO     skewnorm_bic: 22494.6981
[2025-05-26 10:27:32] INFO     Fitted T Distribution
[2025-05-26 10:27:32] INFO     t_df: 14.1778
[2025-05-26 10:27:32] INFO     t_loc: 3.7737
[2025-05-26 10:27:32] INFO     t_scale: 1.9515
[2025-05-26 10:27:32] INFO     t_loglik: -11344.8029
[2025-05-26 10:27:32] INFO     t_mean: 3.7737
[2025-05-26 10:27:32] INFO     t_median: 3.7737
[2025-05-26 10:27:32] INFO     t_mode: 3.7737
[2025-05-26 10:27:32] INFO     t_variance: 4.4340
[2025-05-26 10:27:32] INFO     t_sample_variance: 4.4343
[2025-05-26 10:27:32] INFO     t_skew: 0.0000
[2025-05-26 10:27:32] INFO     t_kurtosis: 0.5895
[2025-05-26 10:27:32] INFO     t_aic: 22695.6059
[2025-05-26 10:27:32] INFO     t_bic: 22715.3061
[2025-05-26 10:27:32] INFO     Fitted Gennorm Distribution
[2025-05-26 10:27:32] INFO     gennorm_beta: 1.8623
[2025-05-26 10:27:32] INFO     gennorm_loc: 3.8118
[2025-05-26 10:27:32] INFO     gennorm_scale: 2.8620
[2025-05-26 10:27:32] INFO     gennorm_loglik: -11363.5914
[2025-05-26 10:27:32] INFO     gennorm_mean: 3.8118
[2025-05-26 10:27:32] INFO     gennorm_median: 3.8118
[2025-05-26 10:27:32] INFO     gennorm_mode: 3.8118
[2025-05-26 10:27:32] INFO     gennorm_variance: 4.4321
[2025-05-26 10:27:32] INFO     gennorm_sample_variance: 4.4343
[2025-05-26 10:27:32] INFO     gennorm_skew: 0.0000
[2025-05-26 10:27:32] INFO     gennorm_kurtosis: 0.1523
[2025-05-26 10:27:32] INFO     gennorm_aic: 22733.1829
[2025-05-26 10:27:32] INFO     gennorm_bic: 22752.8831
[2025-05-26 10:27:32] INFO     Fitted Johnsonsu Distribution
[2025-05-26 10:27:32] INFO     johnsonsu_a: -1.5612
[2025-05-26 10:27:32] INFO     johnsonsu_b: 2.3735
[2025-05-26 10:27:32] INFO     johnsonsu_loc: 0.9590
[2025-05-26 10:27:32] INFO     johnsonsu_scale: 3.7414
[2025-05-26 10:27:32] INFO     johnsonsu_loglik: -11218.7083
[2025-05-26 10:27:32] INFO     johnsonsu_mean: 3.8465
[2025-05-26 10:27:32] INFO     johnsonsu_median: 3.6013
[2025-05-26 10:27:32] INFO     johnsonsu_mode: 3.1946
[2025-05-26 10:27:32] INFO     johnsonsu_variance: 4.6027
[2025-05-26 10:27:32] INFO     johnsonsu_sample_variance: 4.4343
[2025-05-26 10:27:32] INFO     johnsonsu_skew: 0.8516
[2025-05-26 10:27:32] INFO     johnsonsu_kurtosis: 1.9494
[2025-05-26 10:27:32] INFO     johnsonsu_aic: 22445.4165
[2025-05-26 10:27:32] INFO     johnsonsu_bic: 22471.6835
[2025-05-26 10:27:32] INFO     Fitted Logistic Distribution
[2025-05-26 10:27:32] INFO     logistic_loc: 3.7223
[2025-05-26 10:27:32] INFO     logistic_scale: 1.1888
[2025-05-26 10:27:32] INFO     logistic_loglik: -11363.9104
[2025-05-26 10:27:32] INFO     logistic_mean: 3.7223
[2025-05-26 10:27:32] INFO     logistic_median: 3.7223
[2025-05-26 10:27:32] INFO     logistic_mode: 3.7223
[2025-05-26 10:27:32] INFO     logistic_variance: 4.6493
[2025-05-26 10:27:32] INFO     logistic_sample_variance: 4.4343
[2025-05-26 10:27:32] INFO     logistic_skew: 0.0000
[2025-05-26 10:27:32] INFO     logistic_kurtosis: 1.2000
[2025-05-26 10:27:32] INFO     logistic_aic: 22731.8208
[2025-05-26 10:27:32] INFO     logistic_bic: 22744.9543
[2025-05-26 10:27:32] INFO     Best fit based on AIC/BIC: Johnsonsu
[2025-05-26 10:27:32] INFO     - Johnsonsu distribution fits best based on AIC and BIC.
[2025-05-26 10:27:32] INFO     ✅ Completed unimodal distribution fit (non-kg-based) completed in 1.04 seconds.
[2025-05-26 10:27:32] INFO     Bootstrapping CI (non-kg-based) (2023, M)
[2025-05-26 10:30:40] INFO     ✅ Completed bootstrapping CI (non-kg-based) completed in 3 min 8.4 sec.
[2025-05-26 10:30:40] INFO     Plotting unimodal distribution fit of non-kg-based UV (2023, M))
[2025-05-26 10:30:42] INFO     ✅ Completed unimodal distribution fit plot for non-kg-based UV completed in 1.51 seconds.
[2025-05-26 10:30:42] INFO     ⚠️ Borderline modality: Also fitting GMM on non-kg-based UV
[2025-05-26 10:30:50] INFO     ✅ Completed GMM fit on non-kg-based UV (borderline) completed in 7.87 seconds.
[2025-05-26 10:32:50] INFO     Fitting Unimodal distribution of kg-based UV (2023, M)
[2025-05-26 10:32:50] INFO     Fitted Norm Distribution
[2025-05-26 10:32:50] INFO     norm_loc: 4.1234
[2025-05-26 10:32:50] INFO     norm_scale: 1.4287
[2025-05-26 10:32:50] INFO     norm_loglik: -8321.0828
[2025-05-26 10:32:50] INFO     norm_mean: 4.1234
[2025-05-26 10:32:50] INFO     norm_median: 4.1234
[2025-05-26 10:32:50] INFO     norm_mode: 4.1234
[2025-05-26 10:32:50] INFO     norm_variance: 2.0413
[2025-05-26 10:32:50] INFO     norm_sample_variance: 2.0417
[2025-05-26 10:32:50] INFO     norm_skew: 0.0000
[2025-05-26 10:32:50] INFO     norm_kurtosis: 0.0000
[2025-05-26 10:32:50] INFO     norm_aic: 16646.1656
[2025-05-26 10:32:50] INFO     norm_bic: 16659.0703
[2025-05-26 10:32:51] INFO     Fitted Skewnorm Distribution
[2025-05-26 10:32:51] INFO     skewnorm_a: 2.2866
[2025-05-26 10:32:51] INFO     skewnorm_loc: 2.6162
[2025-05-26 10:32:51] INFO     skewnorm_scale: 2.0768
[2025-05-26 10:32:51] INFO     skewnorm_loglik: -8176.5273
[2025-05-26 10:32:51] INFO     skewnorm_mean: 4.1344
[2025-05-26 10:32:51] INFO     skewnorm_median: 3.9944
[2025-05-26 10:32:51] INFO     skewnorm_mode: 3.6880
[2025-05-26 10:32:51] INFO     skewnorm_variance: 2.0081
[2025-05-26 10:32:51] INFO     skewnorm_sample_variance: 2.0417
[2025-05-26 10:32:51] INFO     skewnorm_skew: 0.5278
[2025-05-26 10:32:51] INFO     skewnorm_kurtosis: 0.3731
[2025-05-26 10:32:51] INFO     skewnorm_aic: 16359.0545
[2025-05-26 10:32:51] INFO     skewnorm_bic: 16378.4115
[2025-05-26 10:32:51] INFO     Fitted T Distribution
[2025-05-26 10:32:51] INFO     t_df: 9.2710
[2025-05-26 10:32:51] INFO     t_loc: 4.0443
[2025-05-26 10:32:51] INFO     t_scale: 1.2729
[2025-05-26 10:32:51] INFO     t_loglik: -8297.9891
[2025-05-26 10:32:51] INFO     t_mean: 4.0443
[2025-05-26 10:32:51] INFO     t_median: 4.0443
[2025-05-26 10:32:51] INFO     t_mode: 4.0443
[2025-05-26 10:32:51] INFO     t_variance: 2.0660
[2025-05-26 10:32:51] INFO     t_sample_variance: 2.0417
[2025-05-26 10:32:51] INFO     t_skew: 0.0000
[2025-05-26 10:32:51] INFO     t_kurtosis: 1.1383
[2025-05-26 10:32:51] INFO     t_aic: 16601.9782
[2025-05-26 10:32:51] INFO     t_bic: 16621.3352
[2025-05-26 10:32:51] INFO     Fitted Gennorm Distribution
[2025-05-26 10:32:51] INFO     gennorm_beta: 1.5272
[2025-05-26 10:32:51] INFO     gennorm_loc: 4.0111
[2025-05-26 10:32:51] INFO     gennorm_scale: 1.6927
[2025-05-26 10:32:51] INFO     gennorm_loglik: -8293.4347
[2025-05-26 10:32:51] INFO     gennorm_mean: 4.0111
[2025-05-26 10:32:51] INFO     gennorm_median: 4.0111
[2025-05-26 10:32:51] INFO     gennorm_mode: 4.0111
[2025-05-26 10:32:51] INFO     gennorm_variance: 2.0523
[2025-05-26 10:32:51] INFO     gennorm_sample_variance: 2.0417
[2025-05-26 10:32:51] INFO     gennorm_skew: 0.0000
[2025-05-26 10:32:51] INFO     gennorm_kurtosis: 0.7009
[2025-05-26 10:32:51] INFO     gennorm_aic: 16592.8695
[2025-05-26 10:32:51] INFO     gennorm_bic: 16612.2265
[2025-05-26 10:32:51] INFO     Fitted Johnsonsu Distribution
[2025-05-26 10:32:51] INFO     johnsonsu_a: -0.9801
[2025-05-26 10:32:51] INFO     johnsonsu_b: 1.5834
[2025-05-26 10:32:51] INFO     johnsonsu_loc: 2.8641
[2025-05-26 10:32:51] INFO     johnsonsu_scale: 1.5841
[2025-05-26 10:32:51] INFO     johnsonsu_loglik: -8125.2251
[2025-05-26 10:32:51] INFO     johnsonsu_mean: 4.1389
[2025-05-26 10:32:51] INFO     johnsonsu_median: 3.9085
[2025-05-26 10:32:51] INFO     johnsonsu_mode: 3.6022
[2025-05-26 10:32:51] INFO     johnsonsu_variance: 2.3278
[2025-05-26 10:32:51] INFO     johnsonsu_sample_variance: 2.0417
[2025-05-26 10:32:51] INFO     johnsonsu_skew: 1.4953
[2025-05-26 10:32:51] INFO     johnsonsu_kurtosis: 6.4949
[2025-05-26 10:32:51] INFO     johnsonsu_aic: 16258.4501
[2025-05-26 10:32:51] INFO     johnsonsu_bic: 16284.2595
[2025-05-26 10:32:51] INFO     Fitted Logistic Distribution
[2025-05-26 10:32:52] INFO     logistic_loc: 4.0150
[2025-05-26 10:32:52] INFO     logistic_scale: 0.7942
[2025-05-26 10:32:52] INFO     logistic_loglik: -8292.7165
[2025-05-26 10:32:52] INFO     logistic_mean: 4.0150
[2025-05-26 10:32:52] INFO     logistic_median: 4.0150
[2025-05-26 10:32:52] INFO     logistic_mode: 4.0150
[2025-05-26 10:32:52] INFO     logistic_variance: 2.0753
[2025-05-26 10:32:52] INFO     logistic_sample_variance: 2.0417
[2025-05-26 10:32:52] INFO     logistic_skew: 0.0000
[2025-05-26 10:32:52] INFO     logistic_kurtosis: 1.2000
[2025-05-26 10:32:52] INFO     logistic_aic: 16589.4331
[2025-05-26 10:32:52] INFO     logistic_bic: 16602.3378
[2025-05-26 10:32:52] INFO     Best fit based on AIC/BIC: Johnsonsu
[2025-05-26 10:32:52] INFO     - Johnsonsu distribution fits best based on AIC and BIC.
[2025-05-26 10:32:52] INFO     ✅ Completed unimodal distribution fit (kg-based) completed in 1.10 seconds.
[2025-05-26 10:32:52] INFO     Bootstrapping CI (kg-based) (2023, M)
[2025-05-26 10:35:30] INFO     ✅ Completed ootstrapping CI (kg-based) completed in 2 min 38.9 sec.
[2025-05-26 10:35:30] INFO     Plotting unimodal distribution fit of kg-based UV (2023, M))
[2025-05-26 10:35:32] INFO     ✅ Completed unimodal distribution fit plot for kg-based UV completed in 1.16 seconds.
[2025-05-26 10:35:32] INFO     ⚠️ Borderline modality: Also fitting GMM on kg-based UV
[2025-05-26 10:35:38] INFO     ✅ Completed GMM fit on kg-based UV (borderline) completed in 6.22 seconds.
[2025-05-26 11:59:53] INFO     Clean trade data (HS 010121, 2010, M)
[2025-05-26 11:59:53] INFO     📄 Found file: C:\Users\lik6\OneDrive - Universiteit Leiden\PlasticTradeFlow\tradeflow\cml_trade\data_uncomtrade\split_by_hs_2010_numpy\H4_010121_2010.csv
[2025-05-26 11:59:53] INFO     🧹 Cleaning Summary:
[2025-05-26 11:59:53] INFO      - Initial rows: 35
[2025-05-26 11:59:53] INFO      - Valid country filter: 35 (100.00%)
[2025-05-26 11:59:53] INFO      - Valid trade value filter: 14 (40.00%)
[2025-05-26 11:59:53] INFO      - Valid kg-based UV rows: 2 (5.71%)
[2025-05-26 11:59:53] WARNING  ⚠️ Only 2 kg-based UV records (<100)
[2025-05-26 11:59:53] WARNING  ⚠️ No non-kg units found in qty rows.
[2025-05-26 11:59:53] INFO     ✅ Finished cleaning: HS 010121, Year 2010, Flow M
[2025-05-26 11:59:53] WARNING  ❌ Skipping both kg-based and non-kg-based analysis due to insufficient sample size.
[2025-05-26 12:00:24] INFO     Outlier detection (HS 010121, 2010, M)
[2025-05-26 12:00:24] INFO     ✅ Completed outlier detection completed in 0.00 seconds.
[2025-05-26 12:00:26] INFO     Histogram (HS 010121, 2010, M)
[2025-05-26 12:00:26] INFO     ✅ Completed histogram completed in 0.00 seconds.
[2025-05-26 12:00:27] INFO     Modality Test (HS 010121, 2010, M)
[2025-05-26 12:00:27] INFO     ✅ Completed modality test completed in 0.00 seconds.
