[2025-05-21 12:53:08] INFO     Clean trade data (HS 370110, 2023, M)
[2025-05-21 12:53:08] INFO     📄 Found file: C:/Users/lik6/Data/ComtradeTariffline/merge/split_by_hs_2023_numpy\H6_370110_2023.csv
[2025-05-21 12:53:08] INFO     🧹 Cleaning Summary:
[2025-05-21 12:53:08] INFO      - Initial rows: 8315
[2025-05-21 12:53:08] INFO      - Valid country filter: 7509 (90.31%)
[2025-05-21 12:53:08] INFO      - Valid trade value filter: 6930 (83.34%)
[2025-05-21 12:53:08] INFO      - Valid kg-based UV rows: 4789 (57.59%)
[2025-05-21 12:53:08] INFO     📊 Non-kg UV Subset:
[2025-05-21 12:53:08] INFO      - Top unit: Area in square meters (m²)
[2025-05-21 12:53:08] INFO      - Share of valid qty rows: 82.16% (Required: 10%)
[2025-05-21 12:53:08] INFO      - Valid qty count: 5264 (Required: 100)
[2025-05-21 12:53:08] INFO     ✅ Non-kg UV subset created.
[2025-05-21 12:53:08] INFO     ✅ Finished cleaning: HS 370110, Year 2023, Flow M
[2025-05-21 12:53:08] INFO     ✅ Completed trade data cleaning completed in 0.06 seconds.
[2025-05-21 12:53:09] INFO     Outlier detection (HS 370110, 2023, M)
[2025-05-21 12:53:09] INFO     📊 Outlier Detection on Kg-based UV:
[2025-05-21 12:53:09] INFO     - Dropped 103 rows (2.151%).
[2025-05-21 12:53:09] INFO     - Remaining rows: 4686.
[2025-05-21 12:53:09] INFO     📊 Outlier Detection on Non-kg-based UV:
[2025-05-21 12:53:09] INFO     - Dropped 10 rows (0.190%).
[2025-05-21 12:53:09] INFO     - Remaining rows: 5254.
[2025-05-21 12:53:09] INFO     ✅ Completed outlier detection completed in 0.00 seconds.
[2025-05-21 12:53:10] INFO     Histogram (HS 370110, 2023, M)
[2025-05-21 12:53:10] INFO     ✅ Completed histogram completed in 0.26 seconds.
[2025-05-21 12:53:12] INFO     Modality Test (HS 370110, 2023, M)
[2025-05-21 12:53:19] INFO     📈 Modality Test Summary:
[2025-05-21 12:53:19] INFO     - Column tested: ln_uv
[2025-05-21 12:53:19] INFO     - Original sample size: 4686
[2025-05-21 12:53:19] INFO     ✅ Full sample used.
[2025-05-21 12:53:19] INFO     - Final decision: unimodal (1 reject out of 2)
[2025-05-21 12:53:25] INFO     📈 Modality Test Summary:
[2025-05-21 12:53:25] INFO     - Column tested: ln_uv_q
[2025-05-21 12:53:25] INFO     - Original sample size: 5254
[2025-05-21 12:53:25] INFO     ✅ Full sample used.
[2025-05-21 12:53:25] INFO     - Final decision: unimodal (1 reject out of 2)
[2025-05-21 12:53:25] INFO     ✅ Completed modality test completed in 12.56 seconds.
[2025-05-21 13:13:19] INFO     Fitting Unimodal distribution of kg-based UV (2023, M)
[2025-05-21 13:13:19] INFO     Fitted Norm Distribution
[2025-05-21 13:13:19] INFO     norm_loc: 4.1234
[2025-05-21 13:13:19] INFO     norm_scale: 1.4287
[2025-05-21 13:13:19] INFO     norm_loglik: -8321.0828
[2025-05-21 13:13:19] INFO     norm_mean: 4.1234
[2025-05-21 13:13:19] INFO     norm_median: 4.1234
[2025-05-21 13:13:19] INFO     norm_mode: 4.1234
[2025-05-21 13:13:19] INFO     norm_variance: 2.0413
[2025-05-21 13:13:19] INFO     norm_sample_variance: 2.0417
[2025-05-21 13:13:19] INFO     norm_skew: 0.0000
[2025-05-21 13:13:19] INFO     norm_kurtosis: 0.0000
[2025-05-21 13:13:19] INFO     norm_aic: 16646.1656
[2025-05-21 13:13:19] INFO     norm_bic: 16659.0703
[2025-05-21 13:13:19] INFO     Fitted Skewnorm Distribution
[2025-05-21 13:13:19] INFO     skewnorm_a: 2.2866
[2025-05-21 13:13:19] INFO     skewnorm_loc: 2.6162
[2025-05-21 13:13:19] INFO     skewnorm_scale: 2.0768
[2025-05-21 13:13:19] INFO     skewnorm_loglik: -8176.5273
[2025-05-21 13:13:19] INFO     skewnorm_mean: 4.1344
[2025-05-21 13:13:19] INFO     skewnorm_median: 3.9944
[2025-05-21 13:13:19] INFO     skewnorm_mode: 3.6880
[2025-05-21 13:13:19] INFO     skewnorm_variance: 2.0081
[2025-05-21 13:13:19] INFO     skewnorm_sample_variance: 2.0417
[2025-05-21 13:13:19] INFO     skewnorm_skew: 0.5278
[2025-05-21 13:13:19] INFO     skewnorm_kurtosis: 0.3731
[2025-05-21 13:13:19] INFO     skewnorm_aic: 16359.0545
[2025-05-21 13:13:19] INFO     skewnorm_bic: 16378.4115
[2025-05-21 13:13:19] INFO     Fitted T Distribution
[2025-05-21 13:13:19] INFO     t_df: 9.2710
[2025-05-21 13:13:19] INFO     t_loc: 4.0443
[2025-05-21 13:13:19] INFO     t_scale: 1.2729
[2025-05-21 13:13:19] INFO     t_loglik: -8297.9891
[2025-05-21 13:13:19] INFO     t_mean: 4.0443
[2025-05-21 13:13:19] INFO     t_median: 4.0443
[2025-05-21 13:13:19] INFO     t_mode: 4.0443
[2025-05-21 13:13:19] INFO     t_variance: 2.0660
[2025-05-21 13:13:19] INFO     t_sample_variance: 2.0417
[2025-05-21 13:13:19] INFO     t_skew: 0.0000
[2025-05-21 13:13:19] INFO     t_kurtosis: 1.1383
[2025-05-21 13:13:19] INFO     t_aic: 16601.9782
[2025-05-21 13:13:19] INFO     t_bic: 16621.3352
[2025-05-21 13:13:19] INFO     Fitted Gennorm Distribution
[2025-05-21 13:13:19] INFO     gennorm_beta: 1.5272
[2025-05-21 13:13:19] INFO     gennorm_loc: 4.0111
[2025-05-21 13:13:19] INFO     gennorm_scale: 1.6927
[2025-05-21 13:13:19] INFO     gennorm_loglik: -8293.4347
[2025-05-21 13:13:19] INFO     gennorm_mean: 4.0111
[2025-05-21 13:13:19] INFO     gennorm_median: 4.0111
[2025-05-21 13:13:19] INFO     gennorm_mode: 4.0111
[2025-05-21 13:13:19] INFO     gennorm_variance: 2.0523
[2025-05-21 13:13:19] INFO     gennorm_sample_variance: 2.0417
[2025-05-21 13:13:19] INFO     gennorm_skew: 0.0000
[2025-05-21 13:13:19] INFO     gennorm_kurtosis: 0.7009
[2025-05-21 13:13:19] INFO     gennorm_aic: 16592.8695
[2025-05-21 13:13:19] INFO     gennorm_bic: 16612.2265
[2025-05-21 13:13:19] INFO     Fitted Johnsonsu Distribution
[2025-05-21 13:13:19] INFO     johnsonsu_a: -0.9801
[2025-05-21 13:13:19] INFO     johnsonsu_b: 1.5834
[2025-05-21 13:13:19] INFO     johnsonsu_loc: 2.8641
[2025-05-21 13:13:19] INFO     johnsonsu_scale: 1.5841
[2025-05-21 13:13:19] INFO     johnsonsu_loglik: -8125.2251
[2025-05-21 13:13:19] INFO     johnsonsu_mean: 4.1389
[2025-05-21 13:13:19] INFO     johnsonsu_median: 3.9085
[2025-05-21 13:13:19] INFO     johnsonsu_mode: 3.6022
[2025-05-21 13:13:19] INFO     johnsonsu_variance: 2.3278
[2025-05-21 13:13:19] INFO     johnsonsu_sample_variance: 2.0417
[2025-05-21 13:13:19] INFO     johnsonsu_skew: 1.4953
[2025-05-21 13:13:19] INFO     johnsonsu_kurtosis: 6.4949
[2025-05-21 13:13:19] INFO     johnsonsu_aic: 16258.4501
[2025-05-21 13:13:19] INFO     johnsonsu_bic: 16284.2595
[2025-05-21 13:13:19] INFO     Fitted Logistic Distribution
[2025-05-21 13:13:19] INFO     logistic_loc: 4.0150
[2025-05-21 13:13:19] INFO     logistic_scale: 0.7942
[2025-05-21 13:13:19] INFO     logistic_loglik: -8292.7165
[2025-05-21 13:13:19] INFO     logistic_mean: 4.0150
[2025-05-21 13:13:19] INFO     logistic_median: 4.0150
[2025-05-21 13:13:19] INFO     logistic_mode: 4.0150
[2025-05-21 13:13:19] INFO     logistic_variance: 2.0753
[2025-05-21 13:13:19] INFO     logistic_sample_variance: 2.0417
[2025-05-21 13:13:19] INFO     logistic_skew: 0.0000
[2025-05-21 13:13:19] INFO     logistic_kurtosis: 1.2000
[2025-05-21 13:13:19] INFO     logistic_aic: 16589.4331
[2025-05-21 13:13:19] INFO     logistic_bic: 16602.3378
[2025-05-21 13:13:19] INFO     Best fit based on AIC/BIC: Johnsonsu
[2025-05-21 13:13:19] INFO     - Johnsonsu distribution fits best based on AIC and BIC.
[2025-05-21 13:13:19] INFO     ✅ Completed unimodal distribution fit (kg-based) completed in 0.28 seconds.
[2025-05-21 13:13:19] INFO     Bootstrapping CI (kg-based) (2023, M)
[2025-05-21 13:13:54] INFO     ✅ Completed ootstrapping CI (kg-based) completed in 34.58 seconds.
[2025-05-21 13:13:54] INFO     Plotting unimodal distribution fit of kg-based UV (2023, M))
[2025-05-21 13:13:54] INFO     ✅ Completed unimodal distribution fit plot for kg-based UV completed in 0.27 seconds.
[2025-05-21 13:13:55] INFO     Fitting Unimodal distribution of non-kg-based UV (2023, M)
[2025-05-21 13:20:06] INFO     Histogram (HS 370110, 2023, M)
[2025-05-21 13:20:06] INFO     ✅ Completed histogram completed in 0.20 seconds.
[2025-05-21 13:20:35] INFO     Fitting Unimodal distribution of non-kg-based UV (2023, M)
[2025-05-21 13:22:49] INFO     Fitting Unimodal distribution of non-kg-based UV (2023, M)
[2025-05-21 13:22:49] INFO     Fitted Norm Distribution
[2025-05-21 13:22:49] INFO     norm_loc: 3.8405
[2025-05-21 13:22:49] INFO     norm_scale: 2.1056
[2025-05-21 13:22:49] INFO     norm_loglik: -11367.1609
[2025-05-21 13:22:49] INFO     norm_mean: 3.8405
[2025-05-21 13:22:49] INFO     norm_median: 3.8405
[2025-05-21 13:22:49] INFO     norm_mode: 3.8405
[2025-05-21 13:22:49] INFO     norm_variance: 4.4334
[2025-05-21 13:22:49] INFO     norm_sample_variance: 4.4343
[2025-05-21 13:22:49] INFO     norm_skew: 0.0000
[2025-05-21 13:22:49] INFO     norm_kurtosis: 0.0000
[2025-05-21 13:22:49] INFO     norm_aic: 22738.3218
[2025-05-21 13:22:49] INFO     norm_bic: 22751.4552
[2025-05-21 13:22:49] INFO     Fitted Skewnorm Distribution
[2025-05-21 13:22:49] INFO     skewnorm_a: 2.2958
[2025-05-21 13:22:49] INFO     skewnorm_loc: 1.5904
[2025-05-21 13:22:49] INFO     skewnorm_scale: 3.0816
[2025-05-21 13:22:49] INFO     skewnorm_loglik: -11234.4989
[2025-05-21 13:22:49] INFO     skewnorm_mean: 3.8446
[2025-05-21 13:22:49] INFO     skewnorm_median: 3.6360
[2025-05-21 13:22:49] INFO     skewnorm_mode: 3.1792
[2025-05-21 13:22:49] INFO     skewnorm_variance: 4.4149
[2025-05-21 13:22:49] INFO     skewnorm_sample_variance: 4.4343
[2025-05-21 13:22:49] INFO     skewnorm_skew: 0.5300
[2025-05-21 13:22:49] INFO     skewnorm_kurtosis: 0.3751
[2025-05-21 13:22:49] INFO     skewnorm_aic: 22474.9979
[2025-05-21 13:22:49] INFO     skewnorm_bic: 22494.6981
[2025-05-21 13:22:49] INFO     Fitted T Distribution
[2025-05-21 13:22:49] INFO     t_df: 14.1778
[2025-05-21 13:22:49] INFO     t_loc: 3.7737
[2025-05-21 13:22:49] INFO     t_scale: 1.9515
[2025-05-21 13:22:49] INFO     t_loglik: -11344.8029
[2025-05-21 13:22:49] INFO     t_mean: 3.7737
[2025-05-21 13:22:49] INFO     t_median: 3.7737
[2025-05-21 13:22:49] INFO     t_mode: 3.7737
[2025-05-21 13:22:49] INFO     t_variance: 4.4340
[2025-05-21 13:22:49] INFO     t_sample_variance: 4.4343
[2025-05-21 13:22:49] INFO     t_skew: 0.0000
[2025-05-21 13:22:49] INFO     t_kurtosis: 0.5895
[2025-05-21 13:22:49] INFO     t_aic: 22695.6059
[2025-05-21 13:22:49] INFO     t_bic: 22715.3061
[2025-05-21 13:22:49] INFO     Fitted Gennorm Distribution
[2025-05-21 13:22:49] INFO     gennorm_beta: 1.8623
[2025-05-21 13:22:49] INFO     gennorm_loc: 3.8118
[2025-05-21 13:22:49] INFO     gennorm_scale: 2.8620
[2025-05-21 13:22:49] INFO     gennorm_loglik: -11363.5914
[2025-05-21 13:22:49] INFO     gennorm_mean: 3.8118
[2025-05-21 13:22:49] INFO     gennorm_median: 3.8118
[2025-05-21 13:22:49] INFO     gennorm_mode: 3.8118
[2025-05-21 13:22:49] INFO     gennorm_variance: 4.4321
[2025-05-21 13:22:49] INFO     gennorm_sample_variance: 4.4343
[2025-05-21 13:22:49] INFO     gennorm_skew: 0.0000
[2025-05-21 13:22:49] INFO     gennorm_kurtosis: 0.1523
[2025-05-21 13:22:49] INFO     gennorm_aic: 22733.1829
[2025-05-21 13:22:49] INFO     gennorm_bic: 22752.8831
[2025-05-21 13:22:49] INFO     Fitted Johnsonsu Distribution
[2025-05-21 13:22:49] INFO     johnsonsu_a: -1.5612
[2025-05-21 13:22:49] INFO     johnsonsu_b: 2.3735
[2025-05-21 13:22:49] INFO     johnsonsu_loc: 0.9590
[2025-05-21 13:22:49] INFO     johnsonsu_scale: 3.7414
[2025-05-21 13:22:49] INFO     johnsonsu_loglik: -11218.7083
[2025-05-21 13:22:49] INFO     johnsonsu_mean: 3.8465
[2025-05-21 13:22:49] INFO     johnsonsu_median: 3.6013
[2025-05-21 13:22:49] INFO     johnsonsu_mode: 3.1946
[2025-05-21 13:22:49] INFO     johnsonsu_variance: 4.6027
[2025-05-21 13:22:49] INFO     johnsonsu_sample_variance: 4.4343
[2025-05-21 13:22:49] INFO     johnsonsu_skew: 0.8516
[2025-05-21 13:22:49] INFO     johnsonsu_kurtosis: 1.9494
[2025-05-21 13:22:49] INFO     johnsonsu_aic: 22445.4165
[2025-05-21 13:22:49] INFO     johnsonsu_bic: 22471.6835
[2025-05-21 13:22:49] INFO     Fitted Logistic Distribution
[2025-05-21 13:22:49] INFO     logistic_loc: 3.7223
[2025-05-21 13:22:49] INFO     logistic_scale: 1.1888
[2025-05-21 13:22:49] INFO     logistic_loglik: -11363.9104
[2025-05-21 13:22:49] INFO     logistic_mean: 3.7223
[2025-05-21 13:22:49] INFO     logistic_median: 3.7223
[2025-05-21 13:22:49] INFO     logistic_mode: 3.7223
[2025-05-21 13:22:50] INFO     logistic_variance: 4.6493
[2025-05-21 13:22:50] INFO     logistic_sample_variance: 4.4343
[2025-05-21 13:22:50] INFO     logistic_skew: 0.0000
[2025-05-21 13:22:50] INFO     logistic_kurtosis: 1.2000
[2025-05-21 13:22:50] INFO     logistic_aic: 22731.8208
[2025-05-21 13:22:50] INFO     logistic_bic: 22744.9543
[2025-05-21 13:22:50] INFO     Best fit based on AIC/BIC: Johnsonsu
[2025-05-21 13:22:50] INFO     - Johnsonsu distribution fits best based on AIC and BIC.
[2025-05-21 13:22:50] INFO     ✅ Completed unimodal distribution fit (non-kg-based) completed in 0.24 seconds.
[2025-05-21 13:22:50] INFO     Bootstrapping CI (non-kg-based) (2023, M)
[2025-05-21 13:23:32] INFO     ✅ Completed ootstrapping CI (non-kg-based) completed in 42.21 seconds.
[2025-05-21 13:23:32] INFO     Plotting unimodal distribution fit of non-kg-based UV (2023, M))
[2025-05-21 13:23:32] INFO     ✅ Completed unimodal distribution fit plot for non-kg-based UV completed in 0.27 seconds.
[2025-05-21 13:25:54] INFO     Fitting GMM on non-kg-based UV
[2025-05-21 13:26:00] INFO     ✅ Completed GMM fit on non-kg-based UV completed in 5.98 seconds.
[2025-05-21 13:26:38] INFO     Fitting GMM on kg-based UV
[2025-05-21 13:26:43] INFO     ✅ Completed GMM fit on kg-based UV completed in 5.26 seconds.
[2025-05-21 13:36:08] INFO     Fitting GMM on non-kg-based UV
[2025-05-21 13:36:14] INFO     ✅ Completed GMM fit on non-kg-based UV completed in 6.21 seconds.
[2025-05-21 13:37:02] INFO     Fitting GMM on kg-based UV
[2025-05-21 13:37:07] INFO     ✅ Completed GMM fit on kg-based UV completed in 5.36 seconds.
[2025-05-21 13:56:34] INFO     Clean trade data (HS 390110, 2023, M)
[2025-05-21 13:56:34] INFO     📄 Found file: C:/Users/lik6/Data/ComtradeTariffline/merge/split_by_hs_2023_numpy\H6_390110_2023.csv
[2025-05-21 13:56:34] INFO     🧹 Cleaning Summary:
[2025-05-21 13:56:34] INFO      - Initial rows: 54839
[2025-05-21 13:56:34] INFO      - Valid country filter: 47162 (86.00%)
[2025-05-21 13:56:34] INFO      - Valid trade value filter: 44006 (80.25%)
[2025-05-21 13:56:34] INFO      - Valid kg-based UV rows: 41773 (76.17%)
[2025-05-21 13:56:34] INFO     📊 Non-kg UV Subset:
[2025-05-21 13:56:34] INFO      - Top unit: Number of items (u)
[2025-05-21 13:56:34] INFO      - Share of valid qty rows: 0.15% (Required: 10%)
[2025-05-21 13:56:34] INFO      - Valid qty count: 61 (Required: 100)
[2025-05-21 13:56:34] WARNING  ❌ No non-kg UV subset created: share 0.15% < 10% and count 61 < 100
[2025-05-21 13:56:34] INFO     ✅ Finished cleaning: HS 390110, Year 2023, Flow M
[2025-05-21 13:56:34] INFO     ✅ Completed trade data cleaning completed in 0.15 seconds.
[2025-05-21 13:56:36] INFO     Outlier detection (HS 390110, 2023, M)
[2025-05-21 13:56:36] INFO     📊 Outlier Detection on Kg-based UV:
[2025-05-21 13:56:36] INFO     - Dropped 3871 rows (9.267%).
[2025-05-21 13:56:36] INFO     - Remaining rows: 37902.
[2025-05-21 13:56:36] INFO     ✅ Completed outlier detection completed in 0.01 seconds.
[2025-05-21 13:56:37] INFO     Histogram (HS 390110, 2023, M)
[2025-05-21 13:56:37] INFO     ✅ Completed histogram completed in 0.12 seconds.
[2025-05-21 13:56:40] INFO     Modality Test (HS 390110, 2023, M)
[2025-05-21 13:56:53] INFO     📈 Modality Test Summary:
[2025-05-21 13:56:53] INFO     - Column tested: ln_uv
[2025-05-21 13:56:53] INFO     - Original sample size: 37902
[2025-05-21 13:56:53] WARNING  ❗ Sample capped at 25000 for efficiency.
[2025-05-21 13:56:53] INFO     - Final decision: unimodal (0 reject out of 2)
[2025-05-21 13:56:53] INFO     ⚠️ Skipping quantity-weighted modality test: df1_q is None or empty.
[2025-05-21 13:56:53] INFO     ✅ Completed modality test completed in 13.90 seconds.
[2025-05-21 13:56:56] INFO     Fitting Unimodal distribution of kg-based UV (2023, M)
[2025-05-21 13:56:56] INFO     Fitted Norm Distribution
[2025-05-21 13:56:56] INFO     norm_loc: 0.4052
[2025-05-21 13:56:56] INFO     norm_scale: 0.4748
[2025-05-21 13:56:56] INFO     norm_loglik: -25552.7237
[2025-05-21 13:56:56] INFO     norm_mean: 0.4052
[2025-05-21 13:56:56] INFO     norm_median: 0.4052
[2025-05-21 13:56:56] INFO     norm_mode: 0.4052
[2025-05-21 13:56:56] INFO     norm_variance: 0.2255
[2025-05-21 13:56:56] INFO     norm_sample_variance: 0.2255
[2025-05-21 13:56:56] INFO     norm_skew: 0.0000
[2025-05-21 13:56:56] INFO     norm_kurtosis: 0.0000
[2025-05-21 13:56:56] INFO     norm_aic: 51109.4474
[2025-05-21 13:56:56] INFO     norm_bic: 51126.5329
[2025-05-21 13:56:56] INFO     Fitted Skewnorm Distribution
[2025-05-21 13:56:56] INFO     skewnorm_a: 1.8405
[2025-05-21 13:56:56] INFO     skewnorm_loc: -0.0543
[2025-05-21 13:56:56] INFO     skewnorm_scale: 0.6607
[2025-05-21 13:56:56] INFO     skewnorm_loglik: -24768.4769
[2025-05-21 13:56:56] INFO     skewnorm_mean: 0.4090
[2025-05-21 13:56:56] INFO     skewnorm_median: 0.3742
[2025-05-21 13:56:56] INFO     skewnorm_mode: 0.3007
[2025-05-21 13:56:56] INFO     skewnorm_variance: 0.2220
[2025-05-21 13:56:56] INFO     skewnorm_sample_variance: 0.2255
[2025-05-21 13:56:56] INFO     skewnorm_skew: 0.4079
[2025-05-21 13:56:56] INFO     skewnorm_kurtosis: 0.2646
[2025-05-21 13:56:56] INFO     skewnorm_aic: 49542.9537
[2025-05-21 13:56:56] INFO     skewnorm_bic: 49568.5820
[2025-05-21 13:56:57] INFO     Fitted T Distribution
[2025-05-21 13:56:57] INFO     t_df: 4.3272
[2025-05-21 13:56:57] INFO     t_loc: 0.3590
[2025-05-21 13:56:57] INFO     t_scale: 0.3656
[2025-05-21 13:56:57] INFO     t_loglik: -24820.1159
[2025-05-21 13:56:57] INFO     t_mean: 0.3590
[2025-05-21 13:56:57] INFO     t_median: 0.3590
[2025-05-21 13:56:57] INFO     t_mode: 0.3590
[2025-05-21 13:56:57] INFO     t_variance: 0.2485
[2025-05-21 13:56:57] INFO     t_sample_variance: 0.2255
[2025-05-21 13:56:57] INFO     t_skew: 0.0000
[2025-05-21 13:56:57] INFO     t_kurtosis: 18.3396
[2025-05-21 13:56:57] INFO     t_aic: 49646.2318
[2025-05-21 13:56:57] INFO     t_bic: 49671.8601
[2025-05-21 13:56:57] INFO     Fitted Gennorm Distribution
[2025-05-21 13:56:57] INFO     gennorm_beta: 1.1672
[2025-05-21 13:56:57] INFO     gennorm_loc: 0.3303
[2025-05-21 13:56:57] INFO     gennorm_scale: 0.4284
[2025-05-21 13:56:57] INFO     gennorm_loglik: -24582.1157
[2025-05-21 13:56:57] INFO     gennorm_mean: 0.3303
[2025-05-21 13:56:57] INFO     gennorm_median: 0.3303
[2025-05-21 13:56:57] INFO     gennorm_mode: 0.3303
[2025-05-21 13:56:57] INFO     gennorm_variance: 0.2321
[2025-05-21 13:56:57] INFO     gennorm_sample_variance: 0.2255
[2025-05-21 13:56:57] INFO     gennorm_skew: 0.0000
[2025-05-21 13:56:57] INFO     gennorm_kurtosis: 1.9022
[2025-05-21 13:56:57] INFO     gennorm_aic: 49170.2313
[2025-05-21 13:56:57] INFO     gennorm_bic: 49195.8596
[2025-05-21 13:56:57] INFO     Fitted Johnsonsu Distribution
[2025-05-21 13:56:57] INFO     johnsonsu_a: -0.6084
[2025-05-21 13:56:57] INFO     johnsonsu_b: 1.1904
[2025-05-21 13:56:57] INFO     johnsonsu_loc: 0.1357
[2025-05-21 13:56:57] INFO     johnsonsu_scale: 0.3700
[2025-05-21 13:56:57] INFO     johnsonsu_loglik: -23506.5772
[2025-05-21 13:56:57] INFO     johnsonsu_mean: 0.4167
[2025-05-21 13:56:57] INFO     johnsonsu_median: 0.3331
[2025-05-21 13:56:57] INFO     johnsonsu_mode: 0.2497
[2025-05-21 13:56:57] INFO     johnsonsu_variance: 0.2932
[2025-05-21 13:56:57] INFO     johnsonsu_sample_variance: 0.2255
[2025-05-21 13:56:57] INFO     johnsonsu_skew: 2.3387
[2025-05-21 13:56:57] INFO     johnsonsu_kurtosis: 20.1127
[2025-05-21 13:56:57] INFO     johnsonsu_aic: 47021.1544
[2025-05-21 13:56:57] INFO     johnsonsu_bic: 47055.3254
[2025-05-21 13:56:57] INFO     Fitted Logistic Distribution
[2025-05-21 13:56:57] INFO     logistic_loc: 0.3724
[2025-05-21 13:56:57] INFO     logistic_scale: 0.2579
[2025-05-21 13:56:57] INFO     logistic_loglik: -24823.8753
[2025-05-21 13:56:57] INFO     logistic_mean: 0.3724
[2025-05-21 13:56:57] INFO     logistic_median: 0.3724
[2025-05-21 13:56:57] INFO     logistic_mode: 0.3724
[2025-05-21 13:56:57] INFO     logistic_variance: 0.2187
[2025-05-21 13:56:57] INFO     logistic_sample_variance: 0.2255
[2025-05-21 13:56:57] INFO     logistic_skew: 0.0000
[2025-05-21 13:56:57] INFO     logistic_kurtosis: 1.2000
[2025-05-21 13:56:57] INFO     logistic_aic: 49651.7506
[2025-05-21 13:56:57] INFO     logistic_bic: 49668.8361
[2025-05-21 13:56:57] INFO     Best fit based on AIC/BIC: Johnsonsu
[2025-05-21 13:56:57] INFO     - Johnsonsu distribution fits best based on AIC and BIC.
[2025-05-21 13:56:57] INFO     ✅ Completed unimodal distribution fit (kg-based) completed in 0.90 seconds.
[2025-05-21 13:56:57] INFO     Bootstrapping CI (kg-based) (2023, M)
[2025-05-21 14:00:24] INFO     ✅ Completed ootstrapping CI (kg-based) completed in 3 min 27.2 sec.
[2025-05-21 14:00:24] INFO     Plotting unimodal distribution fit of kg-based UV (2023, M))
[2025-05-21 14:00:24] INFO     ✅ Completed unimodal distribution fit plot for kg-based UV completed in 0.29 seconds.
[2025-05-21 14:00:25] INFO     Fitting GMM on kg-based UV
[2025-05-21 14:00:39] INFO     ✅ Completed GMM fit on kg-based UV completed in 14.35 seconds.
[2025-05-21 14:33:05] INFO     Modality Test (HS 390110, 2023, M)
[2025-05-21 14:33:20] INFO     📈 Modality Test Summary:
[2025-05-21 14:33:20] INFO     - Column tested: ln_uv
[2025-05-21 14:33:20] INFO     - Original sample size: 37902
[2025-05-21 14:33:20] WARNING  ❗ Sample capped at 25000 for efficiency.
[2025-05-21 14:33:20] INFO     - Final decision: unimodal (0 reject out of 2)
[2025-05-21 14:34:59] INFO     Modality Test (HS 390110, 2023, M)
[2025-05-21 14:35:12] INFO     📈 Modality Test Summary:
[2025-05-21 14:35:12] INFO     - Column tested: ln_uv
[2025-05-21 14:35:12] INFO     - Original sample size: 37902
[2025-05-21 14:35:12] WARNING  ❗ Sample capped at 25000 for efficiency.
[2025-05-21 14:35:12] INFO     - Final decision: unimodal (0 reject out of 2)
[2025-05-21 14:35:12] INFO     ⚠️ Skipping quantity-weighted modality test: df1_q is None or empty.
[2025-05-21 14:35:12] INFO     ✅ Completed modality test completed in 13.79 seconds.
[2025-05-21 14:35:45] INFO     Fitting Unimodal distribution of kg-based UV (2023, M)
[2025-05-21 14:35:45] INFO     Fitted Norm Distribution
[2025-05-21 14:35:45] INFO     norm_loc: 0.4052
[2025-05-21 14:35:45] INFO     norm_scale: 0.4748
[2025-05-21 14:35:45] INFO     norm_loglik: -25552.7237
[2025-05-21 14:35:45] INFO     norm_mean: 0.4052
[2025-05-21 14:35:45] INFO     norm_median: 0.4052
[2025-05-21 14:35:45] INFO     norm_mode: 0.4052
[2025-05-21 14:35:45] INFO     norm_variance: 0.2255
[2025-05-21 14:35:45] INFO     norm_sample_variance: 0.2255
[2025-05-21 14:35:45] INFO     norm_skew: 0.0000
[2025-05-21 14:35:45] INFO     norm_kurtosis: 0.0000
[2025-05-21 14:35:45] INFO     norm_aic: 51109.4474
[2025-05-21 14:35:45] INFO     norm_bic: 51126.5329
[2025-05-21 14:35:45] INFO     Fitted Skewnorm Distribution
[2025-05-21 14:35:45] INFO     skewnorm_a: 1.8405
[2025-05-21 14:35:45] INFO     skewnorm_loc: -0.0543
[2025-05-21 14:35:45] INFO     skewnorm_scale: 0.6607
[2025-05-21 14:35:45] INFO     skewnorm_loglik: -24768.4769
[2025-05-21 14:35:45] INFO     skewnorm_mean: 0.4090
[2025-05-21 14:35:45] INFO     skewnorm_median: 0.3742
[2025-05-21 14:35:45] INFO     skewnorm_mode: 0.3007
[2025-05-21 14:35:45] INFO     skewnorm_variance: 0.2220
[2025-05-21 14:35:45] INFO     skewnorm_sample_variance: 0.2255
[2025-05-21 14:35:45] INFO     skewnorm_skew: 0.4079
[2025-05-21 14:35:45] INFO     skewnorm_kurtosis: 0.2646
[2025-05-21 14:35:45] INFO     skewnorm_aic: 49542.9537
[2025-05-21 14:35:45] INFO     skewnorm_bic: 49568.5820
[2025-05-21 14:35:45] INFO     Fitted T Distribution
[2025-05-21 14:35:45] INFO     t_df: 4.3272
[2025-05-21 14:35:45] INFO     t_loc: 0.3590
[2025-05-21 14:35:45] INFO     t_scale: 0.3656
[2025-05-21 14:35:45] INFO     t_loglik: -24820.1159
[2025-05-21 14:35:45] INFO     t_mean: 0.3590
[2025-05-21 14:35:45] INFO     t_median: 0.3590
[2025-05-21 14:35:45] INFO     t_mode: 0.3590
[2025-05-21 14:35:45] INFO     t_variance: 0.2485
[2025-05-21 14:35:45] INFO     t_sample_variance: 0.2255
[2025-05-21 14:35:45] INFO     t_skew: 0.0000
[2025-05-21 14:35:45] INFO     t_kurtosis: 18.3396
[2025-05-21 14:35:45] INFO     t_aic: 49646.2318
[2025-05-21 14:35:45] INFO     t_bic: 49671.8601
[2025-05-21 14:35:45] INFO     Fitted Gennorm Distribution
[2025-05-21 14:35:45] INFO     gennorm_beta: 1.1672
[2025-05-21 14:35:45] INFO     gennorm_loc: 0.3303
[2025-05-21 14:35:45] INFO     gennorm_scale: 0.4284
[2025-05-21 14:35:45] INFO     gennorm_loglik: -24582.1157
[2025-05-21 14:35:45] INFO     gennorm_mean: 0.3303
[2025-05-21 14:35:45] INFO     gennorm_median: 0.3303
[2025-05-21 14:35:45] INFO     gennorm_mode: 0.3303
[2025-05-21 14:35:45] INFO     gennorm_variance: 0.2321
[2025-05-21 14:35:45] INFO     gennorm_sample_variance: 0.2255
[2025-05-21 14:35:45] INFO     gennorm_skew: 0.0000
[2025-05-21 14:35:45] INFO     gennorm_kurtosis: 1.9022
[2025-05-21 14:35:45] INFO     gennorm_aic: 49170.2313
[2025-05-21 14:35:45] INFO     gennorm_bic: 49195.8596
[2025-05-21 14:35:46] INFO     Fitted Johnsonsu Distribution
[2025-05-21 14:35:46] INFO     johnsonsu_a: -0.6084
[2025-05-21 14:35:46] INFO     johnsonsu_b: 1.1904
[2025-05-21 14:35:46] INFO     johnsonsu_loc: 0.1357
[2025-05-21 14:35:46] INFO     johnsonsu_scale: 0.3700
[2025-05-21 14:35:46] INFO     johnsonsu_loglik: -23506.5772
[2025-05-21 14:35:46] INFO     johnsonsu_mean: 0.4167
[2025-05-21 14:35:46] INFO     johnsonsu_median: 0.3331
[2025-05-21 14:35:46] INFO     johnsonsu_mode: 0.2497
[2025-05-21 14:35:46] INFO     johnsonsu_variance: 0.2932
[2025-05-21 14:35:46] INFO     johnsonsu_sample_variance: 0.2255
[2025-05-21 14:35:46] INFO     johnsonsu_skew: 2.3387
[2025-05-21 14:35:46] INFO     johnsonsu_kurtosis: 20.1127
[2025-05-21 14:35:46] INFO     johnsonsu_aic: 47021.1544
[2025-05-21 14:35:46] INFO     johnsonsu_bic: 47055.3254
[2025-05-21 14:35:46] INFO     Fitted Logistic Distribution
[2025-05-21 14:35:46] INFO     logistic_loc: 0.3724
[2025-05-21 14:35:46] INFO     logistic_scale: 0.2579
[2025-05-21 14:35:46] INFO     logistic_loglik: -24823.8753
[2025-05-21 14:35:46] INFO     logistic_mean: 0.3724
[2025-05-21 14:35:46] INFO     logistic_median: 0.3724
[2025-05-21 14:35:46] INFO     logistic_mode: 0.3724
[2025-05-21 14:35:46] INFO     logistic_variance: 0.2187
[2025-05-21 14:35:46] INFO     logistic_sample_variance: 0.2255
[2025-05-21 14:35:46] INFO     logistic_skew: 0.0000
[2025-05-21 14:35:46] INFO     logistic_kurtosis: 1.2000
[2025-05-21 14:35:46] INFO     logistic_aic: 49651.7506
[2025-05-21 14:35:46] INFO     logistic_bic: 49668.8361
[2025-05-21 14:35:46] INFO     Best fit based on AIC/BIC: Johnsonsu
[2025-05-21 14:35:46] INFO     - Johnsonsu distribution fits best based on AIC and BIC.
[2025-05-21 14:35:46] INFO     ✅ Completed unimodal distribution fit (kg-based) completed in 0.91 seconds.
[2025-05-21 14:35:46] INFO     Bootstrapping CI (kg-based) (2023, M)
[2025-05-21 14:39:28] INFO     ✅ Completed ootstrapping CI (kg-based) completed in 3 min 42.3 sec.
[2025-05-21 14:39:28] INFO     Plotting unimodal distribution fit of kg-based UV (2023, M))
[2025-05-21 14:39:28] INFO     ✅ Completed unimodal distribution fit plot for kg-based UV completed in 0.28 seconds.
