[2025-05-18 15:56:30] INFO     Clean trade data (HS 850511, 2023, M)
[2025-05-18 15:56:30] INFO     📄 Found file: C:/Users/lik6/Data/ComtradeTariffline/merge/split_by_hs_2023_numpy\hs6_850511.csv
[2025-05-18 15:56:30] INFO     🧹 Cleaning Summary:
[2025-05-18 15:56:30] INFO      - Initial rows: 60625
[2025-05-18 15:56:30] INFO      - Valid country filter: 55938 (92.27%)
[2025-05-18 15:56:30] INFO      - Valid trade value filter: 49824 (82.18%)
[2025-05-18 15:56:30] INFO      - Valid kg-based UV rows: 41001 (67.63%)
[2025-05-18 15:56:30] INFO     📊 Non-kg UV Subset:
[2025-05-18 15:56:30] INFO      - Top unit: Number of items (u)
[2025-05-18 15:56:30] INFO      - Share of valid qty rows: 12.50% (Required: 10%)
[2025-05-18 15:56:30] INFO      - Valid qty count: 5143 (Required: 100)
[2025-05-18 15:56:30] INFO     ✅ Non-kg UV subset created.
[2025-05-18 15:56:30] INFO     ✅ Finished cleaning: HS 850511, Year 2023, Flow M
[2025-05-18 15:56:30] INFO     ✅ Clean trade data completed in 0.53 seconds.
[2025-05-18 15:56:30] INFO     Outlier detection (HS 850511, 2023, M)
[2025-05-18 15:56:31] INFO     📊 Outlier Detection on Kg-based UV:
[2025-05-18 15:56:31] INFO     - Dropped 179 rows (0.437%).
[2025-05-18 15:56:31] INFO     - Remaining rows: 40822.
[2025-05-18 15:56:31] INFO     📊 Outlier Detection on Non-kg-based UV:
[2025-05-18 15:56:31] INFO     - Dropped 4 rows (0.078%).
[2025-05-18 15:56:31] INFO     - Remaining rows: 5139.
[2025-05-18 15:56:31] INFO     ✅ Detect outliers completed in 0.01 seconds.
[2025-05-18 15:56:31] INFO     Histogram (HS 850511, 2023, M)
[2025-05-18 15:56:31] INFO     ✅ Histogram completed in 0.74 seconds.
[2025-05-18 15:56:31] INFO     Modality Test (HS 850511, 2023, M)
[2025-05-18 15:57:56] INFO     📈 Modality Test Summary:
[2025-05-18 15:57:56] INFO     - Column tested: ln_uv
[2025-05-18 15:57:56] INFO     - Original sample size: 40822
[2025-05-18 15:57:56] WARNING  ❗ Sample capped at 25000 for efficiency.
[2025-05-18 15:57:56] INFO     - Final decision: unimodal (2 reject out of 5)
[2025-05-18 15:58:22] INFO     📈 Modality Test Summary:
[2025-05-18 15:58:22] INFO     - Column tested: ln_uv_q
[2025-05-18 15:58:22] INFO     - Original sample size: 5139
[2025-05-18 15:58:22] INFO     ✅ Full sample used (no capping applied).
[2025-05-18 15:58:22] INFO     - Final decision: multimodal (3 reject out of 5)
[2025-05-18 15:58:22] INFO     ✅ Modality test completed in 1 min 51.0 sec.
[2025-05-18 15:58:35] INFO     Unimodal distribution fitting for kg-based UV (2023, M)
[2025-05-18 15:58:35] INFO     Fitted Norm Distribution
[2025-05-18 15:58:35] INFO     norm_loc: 3.9562
[2025-05-18 15:58:35] INFO     norm_scale: 1.6724
[2025-05-18 15:58:35] INFO     norm_loglik: -78916.5201
[2025-05-18 15:58:35] INFO     norm_mean: 3.9562
[2025-05-18 15:58:35] INFO     norm_median: 3.9562
[2025-05-18 15:58:35] INFO     norm_mode: 3.9562
[2025-05-18 15:58:35] INFO     norm_variance: 2.7969
[2025-05-18 15:58:35] INFO     norm_sample_variance: 2.7969
[2025-05-18 15:58:35] INFO     norm_skew: 0.0000
[2025-05-18 15:58:35] INFO     norm_kurtosis: 0.0000
[2025-05-18 15:58:35] INFO     norm_aic: 157837.0402
[2025-05-18 15:58:35] INFO     norm_bic: 157854.2742
[2025-05-18 15:58:35] INFO     Fitted Skewnorm Distribution
[2025-05-18 15:58:35] INFO     skewnorm_a: 0.6980
[2025-05-18 15:58:35] INFO     skewnorm_loc: 3.0978
[2025-05-18 15:58:35] INFO     skewnorm_scale: 1.8798
[2025-05-18 15:58:35] INFO     skewnorm_loglik: -78904.9582
[2025-05-18 15:58:35] INFO     skewnorm_mean: 3.9563
[2025-05-18 15:58:35] INFO     skewnorm_median: 3.9400
[2025-05-18 15:58:35] INFO     skewnorm_mode: 3.9073
[2025-05-18 15:58:35] INFO     skewnorm_variance: 2.7967
[2025-05-18 15:58:35] INFO     skewnorm_sample_variance: 2.7969
[2025-05-18 15:58:35] INFO     skewnorm_skew: 0.0581
[2025-05-18 15:58:35] INFO     skewnorm_kurtosis: 0.0197
[2025-05-18 15:58:35] INFO     skewnorm_aic: 157815.9164
[2025-05-18 15:58:35] INFO     skewnorm_bic: 157841.7673
[2025-05-18 15:58:37] INFO     Fitted T Distribution
[2025-05-18 15:58:37] INFO     t_df: 25.9457
[2025-05-18 15:58:37] INFO     t_loc: 3.9536
[2025-05-18 15:58:37] INFO     t_scale: 1.6072
[2025-05-18 15:58:37] INFO     t_loglik: -78881.3958
[2025-05-18 15:58:37] INFO     t_mean: 3.9536
[2025-05-18 15:58:37] INFO     t_median: 3.9536
[2025-05-18 15:58:37] INFO     t_mode: 3.9536
[2025-05-18 15:58:37] INFO     t_variance: 2.7988
[2025-05-18 15:58:37] INFO     t_sample_variance: 2.7969
[2025-05-18 15:58:37] INFO     t_skew: 0.0000
[2025-05-18 15:58:37] INFO     t_kurtosis: 0.2734
[2025-05-18 15:58:37] INFO     t_aic: 157768.7917
[2025-05-18 15:58:37] INFO     t_bic: 157794.6426
[2025-05-18 15:58:37] INFO     Fitted Gennorm Distribution
[2025-05-18 15:58:37] INFO     gennorm_beta: 1.7362
[2025-05-18 15:58:37] INFO     gennorm_loc: 3.9546
[2025-05-18 15:58:37] INFO     gennorm_scale: 2.1759
[2025-05-18 15:58:37] INFO     gennorm_loglik: -78833.8441
[2025-05-18 15:58:37] INFO     gennorm_mean: 3.9546
[2025-05-18 15:58:37] INFO     gennorm_median: 3.9546
[2025-05-18 15:58:37] INFO     gennorm_mode: 3.9546
[2025-05-18 15:58:37] INFO     gennorm_variance: 2.7978
[2025-05-18 15:58:37] INFO     gennorm_sample_variance: 2.7969
[2025-05-18 15:58:37] INFO     gennorm_skew: 0.0000
[2025-05-18 15:58:37] INFO     gennorm_kurtosis: 0.3229
[2025-05-18 15:58:37] INFO     gennorm_aic: 157673.6882
[2025-05-18 15:58:37] INFO     gennorm_bic: 157699.5391
[2025-05-18 15:58:38] INFO     Fitted Johnsonsu Distribution
[2025-05-18 15:58:38] INFO     johnsonsu_a: -0.2354
[2025-05-18 15:58:38] INFO     johnsonsu_b: 3.9554
[2025-05-18 15:58:38] INFO     johnsonsu_loc: 3.5630
[2025-05-18 15:58:38] INFO     johnsonsu_scale: 6.3955
[2025-05-18 15:58:38] INFO     johnsonsu_loglik: -78873.3966
[2025-05-18 15:58:38] INFO     johnsonsu_mean: 3.9562
[2025-05-18 15:58:38] INFO     johnsonsu_median: 3.9439
[2025-05-18 15:58:38] INFO     johnsonsu_mode: 3.9210
[2025-05-18 15:58:38] INFO     johnsonsu_variance: 2.7990
[2025-05-18 15:58:38] INFO     johnsonsu_sample_variance: 2.7969
[2025-05-18 15:58:38] INFO     johnsonsu_skew: 0.0481
[2025-05-18 15:58:38] INFO     johnsonsu_kurtosis: 0.2851
[2025-05-18 15:58:38] INFO     johnsonsu_aic: 157754.7932
[2025-05-18 15:58:38] INFO     johnsonsu_bic: 157789.2612
[2025-05-18 15:58:38] INFO     Fitted Logistic Distribution
[2025-05-18 15:58:38] INFO     logistic_loc: 3.9508
[2025-05-18 15:58:38] INFO     logistic_scale: 0.9442
[2025-05-18 15:58:38] INFO     logistic_loglik: -79016.8758
[2025-05-18 15:58:38] INFO     logistic_mean: 3.9508
[2025-05-18 15:58:38] INFO     logistic_median: 3.9508
[2025-05-18 15:58:38] INFO     logistic_mode: 3.9508
[2025-05-18 15:58:38] INFO     logistic_variance: 2.9332
[2025-05-18 15:58:38] INFO     logistic_sample_variance: 2.7969
[2025-05-18 15:58:38] INFO     logistic_skew: 0.0000
[2025-05-18 15:58:38] INFO     logistic_kurtosis: 1.2000
[2025-05-18 15:58:38] INFO     logistic_aic: 158037.7515
[2025-05-18 15:58:38] INFO     logistic_bic: 158054.9855
[2025-05-18 15:58:38] INFO     Best fit based on AIC/BIC: Gennorm
[2025-05-18 15:58:38] INFO     - Gennorm distribution fits best based on AIC and BIC.
[2025-05-18 15:58:38] INFO     ✅ Unimodal distribution fit (kg-based) completed in 2.38 seconds.
[2025-05-18 15:58:38] INFO     Bootstrapping CI (kg-based) (2023, M)
[2025-05-18 16:01:54] INFO     ✅ Bootstrapping CI (kg-based) completed in 3 min 16.7 sec.
[2025-05-18 16:01:54] INFO     Unimodal distribution fit plot for kg-based UV (2023, M)
[2025-05-18 16:01:55] INFO     ✅ Unimodal distribution fit plot for kg-based UV completed in 0.75 seconds.
[2025-05-18 16:32:06] INFO     Plotting unimodal distribution fit for kg-based UV (2023, M))
[2025-05-18 16:32:07] INFO     ✅ Completed unimodal distribution fit plot for kg-based UV completed in 0.63 seconds.
[2025-05-18 16:33:39] INFO     Plotting unimodal distribution fit for kg-based UV (2023, M))
[2025-05-18 16:33:40] INFO     ✅ Completed unimodal distribution fit plot for kg-based UV completed in 0.65 seconds.
[2025-05-18 16:35:12] INFO     Plotting unimodal distribution fit for kg-based UV (2023, M))
[2025-05-18 16:35:12] INFO     ✅ Completed unimodal distribution fit plot for kg-based UV completed in 0.63 seconds.
[2025-05-18 16:41:53] INFO     Plotting unimodal distribution fit for kg-based UV (2023, M))
[2025-05-18 16:41:54] INFO     ✅ Completed unimodal distribution fit plot for kg-based UV completed in 0.50 seconds.
[2025-05-18 16:47:26] INFO     Plotting unimodal distribution fit for kg-based UV (2023, M))
[2025-05-18 16:47:27] INFO     ✅ Completed unimodal distribution fit plot for kg-based UV completed in 0.69 seconds.
[2025-05-18 16:56:24] INFO     Plotting unimodal distribution fit for kg-based UV (2023, M))
[2025-05-18 16:56:24] INFO     ✅ Completed unimodal distribution fit plot for kg-based UV completed in 0.67 seconds.
[2025-05-18 16:59:37] INFO     Plotting unimodal distribution fit for kg-based UV (2023, M))
[2025-05-18 16:59:38] INFO     ✅ Completed unimodal distribution fit plot for kg-based UV completed in 0.59 seconds.
[2025-05-18 17:00:09] INFO     Plotting unimodal distribution fit for kg-based UV (2023, M))
[2025-05-18 17:00:09] INFO     ✅ Completed unimodal distribution fit plot for kg-based UV completed in 0.78 seconds.
[2025-05-18 17:08:00] INFO     Fitted Norm Distribution
[2025-05-18 17:08:00] INFO     norm_loc: 3.9562
[2025-05-18 17:08:00] INFO     norm_scale: 1.6724
[2025-05-18 17:08:00] INFO     norm_loglik: -78916.5201
[2025-05-18 17:08:00] INFO     norm_mean: 3.9562
[2025-05-18 17:08:00] INFO     norm_median: 3.9562
[2025-05-18 17:08:00] INFO     norm_mode: 3.9562
[2025-05-18 17:08:00] INFO     norm_variance: 2.7969
[2025-05-18 17:08:00] INFO     norm_sample_variance: 2.7969
[2025-05-18 17:08:00] INFO     norm_skew: 0.0000
[2025-05-18 17:08:00] INFO     norm_kurtosis: 0.0000
[2025-05-18 17:08:00] INFO     norm_aic: 157837.0402
[2025-05-18 17:08:00] INFO     norm_bic: 157854.2742
[2025-05-18 17:08:01] INFO     Fitted Skewnorm Distribution
[2025-05-18 17:08:01] INFO     skewnorm_a: 0.6980
[2025-05-18 17:08:01] INFO     skewnorm_loc: 3.0978
[2025-05-18 17:08:01] INFO     skewnorm_scale: 1.8798
[2025-05-18 17:08:01] INFO     skewnorm_loglik: -78904.9582
[2025-05-18 17:08:01] INFO     skewnorm_mean: 3.9563
[2025-05-18 17:08:01] INFO     skewnorm_median: 3.9400
[2025-05-18 17:08:01] INFO     skewnorm_mode: 3.9073
[2025-05-18 17:08:01] INFO     skewnorm_variance: 2.7967
[2025-05-18 17:08:01] INFO     skewnorm_sample_variance: 2.7969
[2025-05-18 17:08:01] INFO     skewnorm_skew: 0.0581
[2025-05-18 17:08:01] INFO     skewnorm_kurtosis: 0.0197
[2025-05-18 17:08:01] INFO     skewnorm_aic: 157815.9164
[2025-05-18 17:08:01] INFO     skewnorm_bic: 157841.7673
[2025-05-18 17:08:02] INFO     Fitted T Distribution
[2025-05-18 17:08:02] INFO     t_df: 25.9457
[2025-05-18 17:08:02] INFO     t_loc: 3.9536
[2025-05-18 17:08:02] INFO     t_scale: 1.6072
[2025-05-18 17:08:02] INFO     t_loglik: -78881.3958
[2025-05-18 17:08:02] INFO     t_mean: 3.9536
[2025-05-18 17:08:02] INFO     t_median: 3.9536
[2025-05-18 17:08:02] INFO     t_mode: 3.9536
[2025-05-18 17:08:02] INFO     t_variance: 2.7988
[2025-05-18 17:08:02] INFO     t_sample_variance: 2.7969
[2025-05-18 17:08:02] INFO     t_skew: 0.0000
[2025-05-18 17:08:02] INFO     t_kurtosis: 0.2734
[2025-05-18 17:08:02] INFO     t_aic: 157768.7917
[2025-05-18 17:08:02] INFO     t_bic: 157794.6426
[2025-05-18 17:08:02] INFO     Fitted Gennorm Distribution
[2025-05-18 17:08:02] INFO     gennorm_beta: 1.7362
[2025-05-18 17:08:02] INFO     gennorm_loc: 3.9546
[2025-05-18 17:08:02] INFO     gennorm_scale: 2.1759
[2025-05-18 17:08:02] INFO     gennorm_loglik: -78833.8441
[2025-05-18 17:08:02] INFO     gennorm_mean: 3.9546
[2025-05-18 17:08:02] INFO     gennorm_median: 3.9546
[2025-05-18 17:08:02] INFO     gennorm_mode: 3.9546
[2025-05-18 17:08:02] INFO     gennorm_variance: 2.7978
[2025-05-18 17:08:02] INFO     gennorm_sample_variance: 2.7969
[2025-05-18 17:08:02] INFO     gennorm_skew: 0.0000
[2025-05-18 17:08:02] INFO     gennorm_kurtosis: 0.3229
[2025-05-18 17:08:02] INFO     gennorm_aic: 157673.6882
[2025-05-18 17:08:02] INFO     gennorm_bic: 157699.5391
[2025-05-18 17:08:03] INFO     Fitted Johnsonsu Distribution
[2025-05-18 17:08:03] INFO     johnsonsu_a: -0.2354
[2025-05-18 17:08:03] INFO     johnsonsu_b: 3.9554
[2025-05-18 17:08:03] INFO     johnsonsu_loc: 3.5630
[2025-05-18 17:08:03] INFO     johnsonsu_scale: 6.3955
[2025-05-18 17:08:03] INFO     johnsonsu_loglik: -78873.3966
[2025-05-18 17:08:03] INFO     johnsonsu_mean: 3.9562
[2025-05-18 17:08:03] INFO     johnsonsu_median: 3.9439
[2025-05-18 17:08:03] INFO     johnsonsu_mode: 3.9210
[2025-05-18 17:08:03] INFO     johnsonsu_variance: 2.7990
[2025-05-18 17:08:03] INFO     johnsonsu_sample_variance: 2.7969
[2025-05-18 17:08:03] INFO     johnsonsu_skew: 0.0481
[2025-05-18 17:08:03] INFO     johnsonsu_kurtosis: 0.2851
[2025-05-18 17:08:03] INFO     johnsonsu_aic: 157754.7932
[2025-05-18 17:08:03] INFO     johnsonsu_bic: 157789.2612
[2025-05-18 17:08:03] INFO     Fitted Logistic Distribution
[2025-05-18 17:08:03] INFO     logistic_loc: 3.9508
[2025-05-18 17:08:03] INFO     logistic_scale: 0.9442
[2025-05-18 17:08:03] INFO     logistic_loglik: -79016.8758
[2025-05-18 17:08:03] INFO     logistic_mean: 3.9508
[2025-05-18 17:08:03] INFO     logistic_median: 3.9508
[2025-05-18 17:08:03] INFO     logistic_mode: 3.9508
[2025-05-18 17:08:03] INFO     logistic_variance: 2.9332
[2025-05-18 17:08:03] INFO     logistic_sample_variance: 2.7969
[2025-05-18 17:08:03] INFO     logistic_skew: 0.0000
[2025-05-18 17:08:03] INFO     logistic_kurtosis: 1.2000
[2025-05-18 17:08:03] INFO     logistic_aic: 158037.7515
[2025-05-18 17:08:03] INFO     logistic_bic: 158054.9855
[2025-05-18 17:08:03] INFO     Best fit based on AIC/BIC: Gennorm
[2025-05-18 17:32:08] INFO     Fitting Unimodal distribution of kg-based UV (2023, M)
[2025-05-18 17:32:08] INFO     Fitted Norm Distribution
[2025-05-18 17:32:08] INFO     norm_loc: 3.9562
[2025-05-18 17:32:08] INFO     norm_scale: 1.6724
[2025-05-18 17:32:08] INFO     norm_loglik: -78916.5201
[2025-05-18 17:32:08] INFO     norm_mean: 3.9562
[2025-05-18 17:32:08] INFO     norm_median: 3.9562
[2025-05-18 17:32:08] INFO     norm_mode: 3.9562
[2025-05-18 17:32:08] INFO     norm_variance: 2.7969
[2025-05-18 17:32:08] INFO     norm_sample_variance: 2.7969
[2025-05-18 17:32:08] INFO     norm_skew: 0.0000
[2025-05-18 17:32:08] INFO     norm_kurtosis: 0.0000
[2025-05-18 17:32:08] INFO     norm_aic: 157837.0402
[2025-05-18 17:32:08] INFO     norm_bic: 157854.2742
[2025-05-18 17:32:08] INFO     Fitted Skewnorm Distribution
[2025-05-18 17:32:08] INFO     skewnorm_a: 0.6980
[2025-05-18 17:32:08] INFO     skewnorm_loc: 3.0978
[2025-05-18 17:32:08] INFO     skewnorm_scale: 1.8798
[2025-05-18 17:32:08] INFO     skewnorm_loglik: -78904.9582
[2025-05-18 17:32:08] INFO     skewnorm_mean: 3.9563
[2025-05-18 17:32:08] INFO     skewnorm_median: 3.9400
[2025-05-18 17:32:08] INFO     skewnorm_mode: 3.9073
[2025-05-18 17:32:08] INFO     skewnorm_variance: 2.7967
[2025-05-18 17:32:08] INFO     skewnorm_sample_variance: 2.7969
[2025-05-18 17:32:08] INFO     skewnorm_skew: 0.0581
[2025-05-18 17:32:08] INFO     skewnorm_kurtosis: 0.0197
[2025-05-18 17:32:08] INFO     skewnorm_aic: 157815.9164
[2025-05-18 17:32:08] INFO     skewnorm_bic: 157841.7673
[2025-05-18 17:32:09] INFO     Fitted T Distribution
[2025-05-18 17:32:09] INFO     t_df: 25.9457
[2025-05-18 17:32:09] INFO     t_loc: 3.9536
[2025-05-18 17:32:09] INFO     t_scale: 1.6072
[2025-05-18 17:32:09] INFO     t_loglik: -78881.3958
[2025-05-18 17:32:09] INFO     t_mean: 3.9536
[2025-05-18 17:32:09] INFO     t_median: 3.9536
[2025-05-18 17:32:09] INFO     t_mode: 3.9536
[2025-05-18 17:32:09] INFO     t_variance: 2.7988
[2025-05-18 17:32:09] INFO     t_sample_variance: 2.7969
[2025-05-18 17:32:09] INFO     t_skew: 0.0000
[2025-05-18 17:32:09] INFO     t_kurtosis: 0.2734
[2025-05-18 17:32:09] INFO     t_aic: 157768.7917
[2025-05-18 17:32:09] INFO     t_bic: 157794.6426
[2025-05-18 17:32:09] INFO     Fitted Gennorm Distribution
[2025-05-18 17:32:09] INFO     gennorm_beta: 1.7362
[2025-05-18 17:32:09] INFO     gennorm_loc: 3.9546
[2025-05-18 17:32:09] INFO     gennorm_scale: 2.1759
[2025-05-18 17:32:09] INFO     gennorm_loglik: -78833.8441
[2025-05-18 17:32:09] INFO     gennorm_mean: 3.9546
[2025-05-18 17:32:09] INFO     gennorm_median: 3.9546
[2025-05-18 17:32:09] INFO     gennorm_mode: 3.9546
[2025-05-18 17:32:09] INFO     gennorm_variance: 2.7978
[2025-05-18 17:32:09] INFO     gennorm_sample_variance: 2.7969
[2025-05-18 17:32:09] INFO     gennorm_skew: 0.0000
[2025-05-18 17:32:09] INFO     gennorm_kurtosis: 0.3229
[2025-05-18 17:32:09] INFO     gennorm_aic: 157673.6882
[2025-05-18 17:32:09] INFO     gennorm_bic: 157699.5391
[2025-05-18 17:32:10] INFO     Fitted Johnsonsu Distribution
[2025-05-18 17:32:10] INFO     johnsonsu_a: -0.2354
[2025-05-18 17:32:10] INFO     johnsonsu_b: 3.9554
[2025-05-18 17:32:10] INFO     johnsonsu_loc: 3.5630
[2025-05-18 17:32:10] INFO     johnsonsu_scale: 6.3955
[2025-05-18 17:32:10] INFO     johnsonsu_loglik: -78873.3966
[2025-05-18 17:32:10] INFO     johnsonsu_mean: 3.9562
[2025-05-18 17:32:10] INFO     johnsonsu_median: 3.9439
[2025-05-18 17:32:10] INFO     johnsonsu_mode: 3.9210
[2025-05-18 17:32:10] INFO     johnsonsu_variance: 2.7990
[2025-05-18 17:32:10] INFO     johnsonsu_sample_variance: 2.7969
[2025-05-18 17:32:10] INFO     johnsonsu_skew: 0.0481
[2025-05-18 17:32:10] INFO     johnsonsu_kurtosis: 0.2851
[2025-05-18 17:32:10] INFO     johnsonsu_aic: 157754.7932
[2025-05-18 17:32:10] INFO     johnsonsu_bic: 157789.2612
[2025-05-18 17:32:10] INFO     Fitted Logistic Distribution
[2025-05-18 17:32:10] INFO     logistic_loc: 3.9508
[2025-05-18 17:32:10] INFO     logistic_scale: 0.9442
[2025-05-18 17:32:10] INFO     logistic_loglik: -79016.8758
[2025-05-18 17:32:10] INFO     logistic_mean: 3.9508
[2025-05-18 17:32:10] INFO     logistic_median: 3.9508
[2025-05-18 17:32:10] INFO     logistic_mode: 3.9508
[2025-05-18 17:32:10] INFO     logistic_variance: 2.9332
[2025-05-18 17:32:10] INFO     logistic_sample_variance: 2.7969
[2025-05-18 17:32:10] INFO     logistic_skew: 0.0000
[2025-05-18 17:32:10] INFO     logistic_kurtosis: 1.2000
[2025-05-18 17:32:10] INFO     logistic_aic: 158037.7515
[2025-05-18 17:32:10] INFO     logistic_bic: 158054.9855
[2025-05-18 17:32:10] INFO     Best fit based on AIC/BIC: Gennorm
[2025-05-18 17:32:10] INFO     - Gennorm distribution fits best based on AIC and BIC.
[2025-05-18 17:32:10] INFO     ✅ Completed unimodal distribution fit (kg-based) completed in 2.25 seconds.
[2025-05-18 17:32:10] INFO     Bootstrapping CI (kg-based) (2023, M)
[2025-05-18 17:35:31] INFO     ✅ Completed ootstrapping CI (kg-based) completed in 3 min 21.1 sec.
[2025-05-18 17:35:31] INFO     Plotting unimodal distribution fit of kg-based UV (2023, M))
[2025-05-18 17:35:32] INFO     ✅ Completed unimodal distribution fit plot for kg-based UV completed in 0.66 seconds.
[2025-05-18 17:47:31] INFO     Fitting GMM on non-kg-based UV
[2025-05-18 17:47:32] INFO     ✅ Completed GMM fit on non-kg-based UV completed in 1.49 seconds.
[2025-05-18 17:49:34] INFO     Plotting unimodal distribution fit of non-kg-based UV (2023, M))
[2025-05-18 17:50:06] INFO     Plotting unimodal distribution fit of kg-based UV (2023, M))
[2025-05-18 17:50:06] INFO     ✅ Completed unimodal distribution fit plot for kg-based UV completed in 0.58 seconds.
[2025-05-18 17:51:47] INFO     Fitting GMM on non-kg-based UV
[2025-05-18 17:51:48] INFO     ✅ Completed GMM fit on non-kg-based UV completed in 1.37 seconds.
[2025-05-18 18:07:21] INFO     Fitting Unimodal distribution of kg-based UV (2023, M)
[2025-05-18 18:07:21] INFO     Fitted Norm Distribution
[2025-05-18 18:07:21] INFO     norm_loc: 3.9562
[2025-05-18 18:07:21] INFO     norm_scale: 1.6724
[2025-05-18 18:07:21] INFO     norm_loglik: -78916.5201
[2025-05-18 18:07:21] INFO     norm_mean: 3.9562
[2025-05-18 18:07:21] INFO     norm_median: 3.9562
[2025-05-18 18:07:21] INFO     norm_mode: 3.9562
[2025-05-18 18:07:21] INFO     norm_variance: 2.7969
[2025-05-18 18:07:21] INFO     norm_sample_variance: 2.7969
[2025-05-18 18:07:21] INFO     norm_skew: 0.0000
[2025-05-18 18:07:21] INFO     norm_kurtosis: 0.0000
[2025-05-18 18:07:21] INFO     norm_aic: 157837.0402
[2025-05-18 18:07:21] INFO     norm_bic: 157854.2742
[2025-05-18 18:07:21] INFO     Fitted Skewnorm Distribution
[2025-05-18 18:07:21] INFO     skewnorm_a: 0.6980
[2025-05-18 18:07:21] INFO     skewnorm_loc: 3.0978
[2025-05-18 18:07:21] INFO     skewnorm_scale: 1.8798
[2025-05-18 18:07:21] INFO     skewnorm_loglik: -78904.9582
[2025-05-18 18:07:21] INFO     skewnorm_mean: 3.9563
[2025-05-18 18:07:21] INFO     skewnorm_median: 3.9400
[2025-05-18 18:07:21] INFO     skewnorm_mode: 3.9073
[2025-05-18 18:07:21] INFO     skewnorm_variance: 2.7967
[2025-05-18 18:07:21] INFO     skewnorm_sample_variance: 2.7969
[2025-05-18 18:07:21] INFO     skewnorm_skew: 0.0581
[2025-05-18 18:07:21] INFO     skewnorm_kurtosis: 0.0197
[2025-05-18 18:07:21] INFO     skewnorm_aic: 157815.9164
[2025-05-18 18:07:21] INFO     skewnorm_bic: 157841.7673
[2025-05-18 18:07:22] INFO     Fitted T Distribution
[2025-05-18 18:07:22] INFO     t_df: 25.9457
[2025-05-18 18:07:22] INFO     t_loc: 3.9536
[2025-05-18 18:07:22] INFO     t_scale: 1.6072
[2025-05-18 18:07:22] INFO     t_loglik: -78881.3958
[2025-05-18 18:07:22] INFO     t_mean: 3.9536
[2025-05-18 18:07:22] INFO     t_median: 3.9536
[2025-05-18 18:07:22] INFO     t_mode: 3.9536
[2025-05-18 18:07:22] INFO     t_variance: 2.7988
[2025-05-18 18:07:22] INFO     t_sample_variance: 2.7969
[2025-05-18 18:07:22] INFO     t_skew: 0.0000
[2025-05-18 18:07:22] INFO     t_kurtosis: 0.2734
[2025-05-18 18:07:22] INFO     t_aic: 157768.7917
[2025-05-18 18:07:22] INFO     t_bic: 157794.6426
[2025-05-18 18:07:23] INFO     Fitted Gennorm Distribution
[2025-05-18 18:07:23] INFO     gennorm_beta: 1.7362
[2025-05-18 18:07:23] INFO     gennorm_loc: 3.9546
[2025-05-18 18:07:23] INFO     gennorm_scale: 2.1759
[2025-05-18 18:07:23] INFO     gennorm_loglik: -78833.8441
[2025-05-18 18:07:23] INFO     gennorm_mean: 3.9546
[2025-05-18 18:07:23] INFO     gennorm_median: 3.9546
[2025-05-18 18:07:23] INFO     gennorm_mode: 3.9546
[2025-05-18 18:07:23] INFO     gennorm_variance: 2.7978
[2025-05-18 18:07:23] INFO     gennorm_sample_variance: 2.7969
[2025-05-18 18:07:23] INFO     gennorm_skew: 0.0000
[2025-05-18 18:07:23] INFO     gennorm_kurtosis: 0.3229
[2025-05-18 18:07:23] INFO     gennorm_aic: 157673.6882
[2025-05-18 18:07:23] INFO     gennorm_bic: 157699.5391
[2025-05-18 18:07:23] INFO     Fitted Johnsonsu Distribution
[2025-05-18 18:07:23] INFO     johnsonsu_a: -0.2354
[2025-05-18 18:07:23] INFO     johnsonsu_b: 3.9554
[2025-05-18 18:07:23] INFO     johnsonsu_loc: 3.5630
[2025-05-18 18:07:23] INFO     johnsonsu_scale: 6.3955
[2025-05-18 18:07:23] INFO     johnsonsu_loglik: -78873.3966
[2025-05-18 18:07:23] INFO     johnsonsu_mean: 3.9562
[2025-05-18 18:07:23] INFO     johnsonsu_median: 3.9439
[2025-05-18 18:07:23] INFO     johnsonsu_mode: 3.9210
[2025-05-18 18:07:23] INFO     johnsonsu_variance: 2.7990
[2025-05-18 18:07:23] INFO     johnsonsu_sample_variance: 2.7969
[2025-05-18 18:07:23] INFO     johnsonsu_skew: 0.0481
[2025-05-18 18:07:23] INFO     johnsonsu_kurtosis: 0.2851
[2025-05-18 18:07:23] INFO     johnsonsu_aic: 157754.7932
[2025-05-18 18:07:23] INFO     johnsonsu_bic: 157789.2612
[2025-05-18 18:07:23] INFO     Fitted Logistic Distribution
[2025-05-18 18:07:23] INFO     logistic_loc: 3.9508
[2025-05-18 18:07:23] INFO     logistic_scale: 0.9442
[2025-05-18 18:07:23] INFO     logistic_loglik: -79016.8758
[2025-05-18 18:07:23] INFO     logistic_mean: 3.9508
[2025-05-18 18:07:23] INFO     logistic_median: 3.9508
[2025-05-18 18:07:23] INFO     logistic_mode: 3.9508
[2025-05-18 18:07:23] INFO     logistic_variance: 2.9332
[2025-05-18 18:07:23] INFO     logistic_sample_variance: 2.7969
[2025-05-18 18:07:23] INFO     logistic_skew: 0.0000
[2025-05-18 18:07:23] INFO     logistic_kurtosis: 1.2000
[2025-05-18 18:07:23] INFO     logistic_aic: 158037.7515
[2025-05-18 18:07:23] INFO     logistic_bic: 158054.9855
[2025-05-18 18:07:23] INFO     Best fit based on AIC/BIC: Gennorm
[2025-05-18 18:07:23] INFO     - Gennorm distribution fits best based on AIC and BIC.
[2025-05-18 18:07:23] INFO     ✅ Completed unimodal distribution fit (kg-based) completed in 2.63 seconds.
[2025-05-18 18:07:23] INFO     Bootstrapping CI (kg-based) (2023, M)
[2025-05-18 18:10:40] INFO     ✅ Completed ootstrapping CI (kg-based) completed in 3 min 16.2 sec.
[2025-05-18 18:10:40] INFO     Plotting unimodal distribution fit of kg-based UV (2023, M))
[2025-05-18 18:10:40] INFO     ✅ Completed unimodal distribution fit plot for kg-based UV completed in 0.72 seconds.
[2025-05-18 18:10:41] INFO     Fitting GMM on non-kg-based UV
[2025-05-18 18:10:42] INFO     ✅ Completed GMM fit on non-kg-based UV completed in 1.54 seconds.
[2025-05-18 18:11:55] INFO     Fitting GMM on non-kg-based UV
[2025-05-18 18:11:57] INFO     ✅ Completed GMM fit on non-kg-based UV completed in 1.72 seconds.
[2025-05-18 18:16:17] INFO     Histogram (HS 850511, 2023, M)
[2025-05-18 18:16:18] INFO     ✅ Completed histogram completed in 0.88 seconds.
[2025-05-18 18:16:25] INFO     Histogram (HS 850511, 2023, M)
[2025-05-18 18:16:25] INFO     ✅ Completed histogram completed in 0.69 seconds.
[2025-05-18 18:17:57] INFO     Histogram (HS 850511, 2023, M)
[2025-05-18 18:17:58] INFO     ✅ Completed histogram completed in 1.15 seconds.
[2025-05-18 18:21:09] INFO     Histogram (HS 850511, 2023, M)
[2025-05-18 18:21:09] INFO     ✅ Completed histogram completed in 0.70 seconds.
[2025-05-18 18:21:50] INFO     Plotting unimodal distribution fit of kg-based UV (2023, M))
[2025-05-18 18:21:51] INFO     ✅ Completed unimodal distribution fit plot for kg-based UV completed in 0.60 seconds.
[2025-05-18 18:22:14] INFO     Fitting GMM on non-kg-based UV
[2025-05-18 18:22:16] INFO     ✅ Completed GMM fit on non-kg-based UV completed in 1.26 seconds.
[2025-05-19 20:08:54] INFO     Fitting GMM on non-kg-based UV
[2025-05-19 20:08:56] INFO     ✅ Completed GMM fit on non-kg-based UV completed in 2.00 seconds.
[2025-05-19 20:12:38] INFO     Fitting GMM on non-kg-based UV
[2025-05-19 20:12:40] INFO     ✅ Completed GMM fit on non-kg-based UV completed in 1.89 seconds.
[2025-05-19 20:15:34] INFO     Fitting GMM on non-kg-based UV
[2025-05-19 20:15:36] INFO     ✅ Completed GMM fit on non-kg-based UV completed in 2.05 seconds.
[2025-05-19 20:18:13] INFO     Fitting GMM on non-kg-based UV
[2025-05-19 20:18:15] INFO     ✅ Completed GMM fit on non-kg-based UV completed in 2.09 seconds.
[2025-05-19 20:22:21] INFO     Fitting GMM on non-kg-based UV
[2025-05-19 20:22:24] INFO     ✅ Completed GMM fit on non-kg-based UV completed in 2.19 seconds.
[2025-05-19 20:22:55] INFO     Plotting unimodal distribution fit of kg-based UV (2023, M))
[2025-05-19 20:22:55] INFO     ✅ Completed unimodal distribution fit plot for kg-based UV completed in 0.76 seconds.
[2025-05-19 20:25:13] INFO     Plotting unimodal distribution fit of kg-based UV (2023, M))
[2025-05-19 20:31:30] INFO     Plotting unimodal distribution fit of kg-based UV (2023, M))
[2025-05-19 20:31:31] INFO     ✅ Completed unimodal distribution fit plot for kg-based UV completed in 1.20 seconds.
[2025-05-19 20:32:15] INFO     Plotting unimodal distribution fit of kg-based UV (2023, M))
[2025-05-19 20:32:16] INFO     ✅ Completed unimodal distribution fit plot for kg-based UV completed in 1.48 seconds.
[2025-05-19 20:32:36] INFO     Plotting unimodal distribution fit of kg-based UV (2023, M))
[2025-05-19 20:32:37] INFO     ✅ Completed unimodal distribution fit plot for kg-based UV completed in 1.15 seconds.
[2025-05-19 20:35:54] INFO     Fitting GMM on non-kg-based UV
[2025-05-19 20:35:55] INFO     ✅ Completed GMM fit on non-kg-based UV completed in 1.82 seconds.
[2025-05-19 21:56:45] INFO     Fitting GMM on non-kg-based UV
[2025-05-19 21:56:48] INFO     ✅ Completed GMM fit on non-kg-based UV completed in 2.99 seconds.
[2025-05-19 21:58:40] INFO     Fitting GMM on non-kg-based UV
[2025-05-19 21:58:43] INFO     ✅ Completed GMM fit on non-kg-based UV completed in 2.61 seconds.
