[2025-05-17 17:19:06] INFO     Clean trade data (HS 850511, 2023, M)
[2025-05-17 17:19:06] INFO     📄 Found file: C:/Users/lik6/Data/ComtradeTariffline/merge/split_by_hs_2023_numpy\hs6_850511.csv
[2025-05-17 17:19:06] INFO     🧹 Cleaning Summary:
[2025-05-17 17:19:06] INFO      - Initial rows: 60625
[2025-05-17 17:19:06] INFO      - Valid country filter: 55938 (92.27%)
[2025-05-17 17:19:06] INFO      - Valid trade value filter: 49824 (82.18%)
[2025-05-17 17:19:06] INFO      - Valid kg-based UV rows: 41001 (67.63%)
[2025-05-17 17:19:06] INFO     📊 Non-kg UV Subset:
[2025-05-17 17:19:06] INFO      - Top unit: Number of items (u)
[2025-05-17 17:19:06] INFO      - Share of valid qty rows: 12.50% (Required: 10%)
[2025-05-17 17:19:06] INFO      - Valid qty count: 5143 (Required: 100)
[2025-05-17 17:19:06] INFO     ✅ Non-kg UV subset created.
[2025-05-17 17:19:06] INFO     ✅ Finished cleaning: HS 850511, Year 2023, Flow M
[2025-05-17 17:19:06] INFO     ✅ Clean trade data completed in 0.36 seconds.
[2025-05-17 17:19:06] INFO     Outlier detection (HS 850511, 2023, M)
[2025-05-17 17:19:06] INFO     📊 Outlier Detection on Kg-based UV:
[2025-05-17 17:19:06] INFO     - Dropped 179 rows (0.437%).
[2025-05-17 17:19:06] INFO     - Remaining rows: 40822.
[2025-05-17 17:19:06] INFO     📊 Outlier Detection on Non-kg-based UV:
[2025-05-17 17:19:06] INFO     - Dropped 4 rows (0.078%).
[2025-05-17 17:19:06] INFO     - Remaining rows: 5139.
[2025-05-17 17:19:06] INFO     ✅ Detect outliers completed in 0.01 seconds.
[2025-05-17 17:19:06] INFO     Histogram (HS 850511, 2023, M)
[2025-05-17 17:19:07] INFO     ✅ Histogram completed in 0.80 seconds.
[2025-05-17 17:19:07] INFO     Modality Test (HS 850511, 2023, M)
[2025-05-17 17:20:35] INFO     📈 Modality Test Summary:
[2025-05-17 17:20:35] INFO     - Column tested: ln_uv
[2025-05-17 17:20:35] INFO     - Original sample size: 40822
[2025-05-17 17:20:35] WARNING  ❗ Sample capped at 25000 for efficiency.
[2025-05-17 17:20:35] INFO     - Final decision: unimodal (2 reject out of 5)
[2025-05-17 17:21:02] INFO     📈 Modality Test Summary:
[2025-05-17 17:21:02] INFO     - Column tested: ln_uv_q
[2025-05-17 17:21:02] INFO     - Original sample size: 5139
[2025-05-17 17:21:02] INFO     ✅ Full sample used (no capping applied).
[2025-05-17 17:21:02] INFO     - Final decision: multimodal (3 reject out of 5)
[2025-05-17 17:21:02] INFO     ✅ Modality test completed in 1 min 55.0 sec.
