[2025-05-15 10:02:18] INFO     Clean trade data (HS 850511, 2023, M)
[2025-05-15 10:02:18] INFO     📄 Found file: C:/Users/lik6/Data/ComtradeTariffline/merge/split_by_hs_2023_numpy\hs6_850511.csv
[2025-05-15 10:02:19] INFO     🧹 Cleaning Summary:
[2025-05-15 10:02:19] INFO      - Initial rows: 60625
[2025-05-15 10:02:19] INFO      - Valid country filter: 55938 (92.27%)
[2025-05-15 10:02:19] INFO      - Valid trade value filter: 49824 (82.18%)
[2025-05-15 10:02:19] INFO      - Valid kg-based UV rows: 41001 (67.63%)
[2025-05-15 10:02:19] INFO     📊 Non-kg UV Subset:
[2025-05-15 10:02:19] INFO      - Top unit: Number of items (u)
[2025-05-15 10:02:19] INFO      - Share of valid qty rows: 12.50% (Required: 10%)
[2025-05-15 10:02:19] INFO      - Valid qty count: 5143 (Required: 100)
[2025-05-15 10:02:19] INFO     ✅ Non-kg UV subset created.
[2025-05-15 10:02:19] INFO     ✅ Finished cleaning: HS 850511, Year 2023, Flow M
[2025-05-15 10:02:19] INFO     ✅ Clean trade data completed in 0.49 seconds.
[2025-05-15 10:02:19] INFO     Outlier detection (HS 850511, 2023, M)
[2025-05-15 10:02:19] INFO     📊 Outlier Detection on Kg-based UV:
[2025-05-15 10:02:19] INFO     - Dropped 179 rows (0.437%).
[2025-05-15 10:02:19] INFO     - Remaining rows: 40822.
[2025-05-15 10:02:19] INFO     📊 Outlier Detection on Non-kg-based UV:
[2025-05-15 10:02:19] INFO     - Dropped 4 rows (0.078%).
[2025-05-15 10:02:19] INFO     - Remaining rows: 5139.
[2025-05-15 10:02:19] INFO     ✅ Detect outliers completed in 0.01 seconds.
[2025-05-15 10:03:19] INFO     Histogram (HS 850511, 2023, M)
[2025-05-15 10:03:19] INFO     ✅ Histogram completed in 0.80 seconds.
[2025-05-15 10:03:42] INFO     Modality Test (HS 850511, 2023, M)
[2025-05-15 10:05:02] INFO     📈 Modality Test Summary:
[2025-05-15 10:05:02] INFO     - Column tested: ln_uv
[2025-05-15 10:05:02] INFO     - Original sample size: 40822
[2025-05-15 10:05:02] WARNING  ❗ Sample capped at 25000 for efficiency.
[2025-05-15 10:05:02] INFO     - Final decision: unimodal (2 reject out of 5)
[2025-05-15 10:05:28] INFO     📈 Modality Test Summary:
[2025-05-15 10:05:28] INFO     - Column tested: ln_uv_q
[2025-05-15 10:05:28] INFO     - Original sample size: 5139
[2025-05-15 10:05:28] INFO     ✅ Full sample used (no capping applied).
[2025-05-15 10:05:28] INFO     - Final decision: multimodal (3 reject out of 5)
[2025-05-15 10:05:28] INFO     ✅ Modality test completed in 1 min 46.4 sec.
[2025-05-15 11:12:07] INFO     Clean trade data (HS 850511, 2023, M)
[2025-05-15 11:12:07] INFO     📄 Found file: C:/Users/lik6/Data/ComtradeTariffline/merge/split_by_hs_2023_numpy\hs6_850511.csv
[2025-05-15 11:12:07] INFO     🧹 Cleaning Summary:
[2025-05-15 11:12:07] INFO      - Initial rows: 60625
[2025-05-15 11:12:07] INFO      - Valid country filter: 55938 (92.27%)
[2025-05-15 11:12:07] INFO      - Valid trade value filter: 49824 (82.18%)
[2025-05-15 11:12:07] INFO      - Valid kg-based UV rows: 41001 (67.63%)
[2025-05-15 11:12:07] INFO     📊 Non-kg UV Subset:
[2025-05-15 11:12:07] INFO      - Top unit: Number of items (u)
[2025-05-15 11:12:07] INFO      - Share of valid qty rows: 12.50% (Required: 10%)
[2025-05-15 11:12:07] INFO      - Valid qty count: 5143 (Required: 100)
[2025-05-15 11:12:07] INFO     ✅ Non-kg UV subset created.
[2025-05-15 11:12:07] INFO     ✅ Finished cleaning: HS 850511, Year 2023, Flow M
[2025-05-15 11:12:07] INFO     ✅ Clean trade data completed in 0.35 seconds.
[2025-05-15 11:12:07] INFO     Outlier detection (HS 850511, 2023, M)
[2025-05-15 11:12:07] INFO     📊 Outlier Detection on Kg-based UV:
[2025-05-15 11:12:07] INFO     - Dropped 179 rows (0.437%).
[2025-05-15 11:12:07] INFO     - Remaining rows: 40822.
[2025-05-15 11:12:07] INFO     📊 Outlier Detection on Non-kg-based UV:
[2025-05-15 11:12:07] INFO     - Dropped 4 rows (0.078%).
[2025-05-15 11:12:07] INFO     - Remaining rows: 5139.
[2025-05-15 11:12:07] INFO     ✅ Detect outliers completed in 0.01 seconds.
[2025-05-15 11:12:26] INFO     Clean trade data (HS 850511, 2023, M)
[2025-05-15 11:12:26] INFO     📄 Found file: C:/Users/lik6/Data/ComtradeTariffline/merge/split_by_hs_2023_numpy\hs6_850511.csv
[2025-05-15 11:12:27] INFO     🧹 Cleaning Summary:
[2025-05-15 11:12:27] INFO      - Initial rows: 60625
[2025-05-15 11:12:27] INFO      - Valid country filter: 55938 (92.27%)
[2025-05-15 11:12:27] INFO      - Valid trade value filter: 49824 (82.18%)
[2025-05-15 11:12:27] INFO      - Valid kg-based UV rows: 41001 (67.63%)
[2025-05-15 11:12:27] INFO     📊 Non-kg UV Subset:
[2025-05-15 11:12:27] INFO      - Top unit: Number of items (u)
[2025-05-15 11:12:27] INFO      - Share of valid qty rows: 12.50% (Required: 10%)
[2025-05-15 11:12:27] INFO      - Valid qty count: 5143 (Required: 100)
[2025-05-15 11:12:27] INFO     ✅ Non-kg UV subset created.
[2025-05-15 11:12:27] INFO     ✅ Finished cleaning: HS 850511, Year 2023, Flow M
[2025-05-15 11:12:27] INFO     ✅ Clean trade data completed in 0.31 seconds.
[2025-05-15 11:12:59] INFO     Outlier detection (HS 850511, 2023, M)
[2025-05-15 11:12:59] INFO     📊 Outlier Detection on Kg-based UV:
[2025-05-15 11:12:59] INFO     - Dropped 179 rows (0.437%).
[2025-05-15 11:12:59] INFO     - Remaining rows: 40822.
[2025-05-15 11:12:59] INFO     📊 Outlier Detection on Non-kg-based UV:
[2025-05-15 11:12:59] INFO     - Dropped 4 rows (0.078%).
[2025-05-15 11:12:59] INFO     - Remaining rows: 5139.
[2025-05-15 11:12:59] INFO     ✅ Detect outliers completed in 0.01 seconds.
[2025-05-15 11:13:14] INFO     Outlier detection (HS 850511, 2023, M)
[2025-05-15 11:13:14] INFO     📊 Outlier Detection on Kg-based UV:
[2025-05-15 11:13:14] INFO     - Dropped 179 rows (0.437%).
[2025-05-15 11:13:14] INFO     - Remaining rows: 40822.
[2025-05-15 11:13:14] INFO     📊 Outlier Detection on Non-kg-based UV:
[2025-05-15 11:13:14] INFO     - Dropped 4 rows (0.078%).
[2025-05-15 11:13:14] INFO     - Remaining rows: 5139.
[2025-05-15 11:13:14] INFO     ✅ Detect outliers completed in 0.01 seconds.
[2025-05-15 11:14:30] INFO     Outlier detection (HS 850511, 2023, M)
[2025-05-15 11:14:30] INFO     📊 Outlier Detection on Kg-based UV:
[2025-05-15 11:14:30] INFO     - Dropped 179 rows (0.437%).
[2025-05-15 11:14:30] INFO     - Remaining rows: 40822.
[2025-05-15 11:14:30] INFO     📊 Outlier Detection on Non-kg-based UV:
[2025-05-15 11:14:30] INFO     - Dropped 4 rows (0.078%).
[2025-05-15 11:14:30] INFO     - Remaining rows: 5139.
[2025-05-15 11:14:30] INFO     ✅ Detect outliers completed in 0.01 seconds.
[2025-05-15 11:17:13] INFO     Modality Test (HS 850511, 2023, M)
[2025-05-15 11:18:33] INFO     📈 Modality Test Summary:
[2025-05-15 11:18:33] INFO     - Column tested: ln_uv
[2025-05-15 11:18:33] INFO     - Original sample size: 40822
[2025-05-15 11:18:33] WARNING  ❗ Sample capped at 25000 for efficiency.
[2025-05-15 11:18:33] INFO     - Final decision: unimodal (2 reject out of 5)
[2025-05-15 11:22:55] INFO     📈 Modality Test Summary:
[2025-05-15 11:22:55] INFO     - Column tested: ln_uv
[2025-05-15 11:22:55] INFO     - Original sample size: 40822
[2025-05-15 11:22:55] WARNING  ❗ Sample capped at 25000 for efficiency.
[2025-05-15 11:22:55] INFO     - Final decision: unimodal (2 reject out of 5)
[2025-05-15 15:54:11] INFO     Unimodal distribution fitting for kg-based UV
[2025-05-15 15:54:31] INFO     Fitting Normal Distribution
[2025-05-15 15:54:31] INFO     Fitted Normal Distribution:
[2025-05-15 15:54:31] INFO       norm_mu: 3.956
[2025-05-15 15:54:31] INFO       norm_sigma: 1.672
[2025-05-15 15:54:31] INFO       norm_log_likelihood: -78916.520
[2025-05-15 15:54:31] INFO       norm_mean: 3.956
[2025-05-15 15:54:31] INFO       norm_median: 3.956
[2025-05-15 15:54:31] INFO       norm_mode: 3.956
[2025-05-15 15:54:31] INFO       norm_variance: 2.797
[2025-05-15 15:54:31] INFO       norm_sample_variance: 2.797
[2025-05-15 15:54:31] INFO       norm_skew: 0.000
[2025-05-15 15:54:31] INFO       norm_kurtosis: 0.000
[2025-05-15 15:54:31] INFO       norm_aic: 157837.040
[2025-05-15 15:54:31] INFO       norm_bic: 157854.274
[2025-05-15 15:54:42] INFO     Unimodal distribution fitting for kg-based UV
[2025-05-15 15:54:42] INFO     Fitting Normal Distribution
[2025-05-15 15:54:42] INFO     Fitted Normal Distribution:
[2025-05-15 15:54:42] INFO       norm_mu: 3.956
[2025-05-15 15:54:42] INFO       norm_sigma: 1.672
[2025-05-15 15:54:42] INFO       norm_log_likelihood: -78916.520
[2025-05-15 15:54:42] INFO       norm_mean: 3.956
[2025-05-15 15:54:42] INFO       norm_median: 3.956
[2025-05-15 15:54:42] INFO       norm_mode: 3.956
[2025-05-15 15:54:42] INFO       norm_variance: 2.797
[2025-05-15 15:54:42] INFO       norm_sample_variance: 2.797
[2025-05-15 15:54:42] INFO       norm_skew: 0.000
[2025-05-15 15:54:42] INFO       norm_kurtosis: 0.000
[2025-05-15 15:54:42] INFO       norm_aic: 157837.040
[2025-05-15 15:54:42] INFO       norm_bic: 157854.274
[2025-05-15 15:57:33] INFO     Unimodal distribution fitting for kg-based UV
[2025-05-15 15:57:33] INFO     Fitting Normal Distribution
[2025-05-15 15:57:33] INFO     Fitted Normal Distribution:
[2025-05-15 15:57:33] INFO       norm_mu: 3.956
[2025-05-15 15:57:33] INFO       norm_sigma: 1.672
[2025-05-15 15:57:33] INFO       norm_log_likelihood: -78916.520
[2025-05-15 15:57:33] INFO       norm_mean: 3.956
[2025-05-15 15:57:33] INFO       norm_median: 3.956
[2025-05-15 15:57:33] INFO       norm_mode: 3.956
[2025-05-15 15:57:33] INFO       norm_variance: 2.797
[2025-05-15 15:57:33] INFO       norm_sample_variance: 2.797
[2025-05-15 15:57:33] INFO       norm_skew: 0.000
[2025-05-15 15:57:33] INFO       norm_kurtosis: 0.000
[2025-05-15 15:57:33] INFO       norm_aic: 157837.040
[2025-05-15 15:57:33] INFO       norm_bic: 157854.274
[2025-05-15 15:57:33] INFO     Fitting Skewnorm Distribution
[2025-05-15 15:57:33] INFO     Fitted Skew-Normal Distribution:
[2025-05-15 15:57:33] INFO       skew_a: 0.698
[2025-05-15 15:57:33] INFO       skew_loc: 3.098
[2025-05-15 15:57:33] INFO       skew_scale: 1.880
[2025-05-15 15:57:33] INFO       skew_log_likelihood: -78904.958
[2025-05-15 15:57:33] INFO       skew_mean: 3.956
[2025-05-15 15:57:33] INFO       skew_median: 3.940
[2025-05-15 15:57:33] INFO       skew_mode: 3.907
[2025-05-15 15:57:33] INFO       skew_variance: 2.797
[2025-05-15 15:57:33] INFO       skew_sample_variance: 2.797
[2025-05-15 15:57:33] INFO       skew_skew: 0.058
[2025-05-15 15:57:33] INFO       skew_kurtosis: 0.020
[2025-05-15 15:57:33] INFO       skew_aic: 157815.916
[2025-05-15 15:57:33] INFO       skew_bic: 157841.767
[2025-05-15 15:57:33] INFO     Fitting Studentt Distribution
[2025-05-15 15:57:35] INFO     Fitted Student-t Distribution:
[2025-05-15 15:57:35] INFO       t_df: 25.946
[2025-05-15 15:57:35] INFO       t_loc: 3.954
[2025-05-15 15:57:35] INFO       t_scale: 1.607
[2025-05-15 15:57:35] INFO       t_log_likelihood: -78881.396
[2025-05-15 15:57:35] INFO       t_mean: 3.954
[2025-05-15 15:57:35] INFO       t_median: 3.954
[2025-05-15 15:57:35] INFO       t_mode: 3.954
[2025-05-15 15:57:35] INFO       t_variance: 2.799
[2025-05-15 15:57:35] INFO       t_sample_variance: 2.797
[2025-05-15 15:57:35] INFO       t_skew: 0.000
[2025-05-15 15:57:35] INFO       t_kurtosis: 0.273
[2025-05-15 15:57:35] INFO       t_aic: 157768.792
[2025-05-15 15:57:35] INFO       t_bic: 157794.643
[2025-05-15 15:57:35] INFO     Fitting Gennorm Distribution
[2025-05-15 15:57:35] INFO     Fitted Generalized Normal Distribution:
[2025-05-15 15:57:35] INFO       gn_beta: 1.736
[2025-05-15 15:57:35] INFO       gn_loc: 3.955
[2025-05-15 15:57:35] INFO       gn_scale: 2.176
[2025-05-15 15:57:35] INFO       gn_log_likelihood: -78833.844
[2025-05-15 15:57:35] INFO       gn_mean: 3.955
[2025-05-15 15:57:35] INFO       gn_median: 3.955
[2025-05-15 15:57:35] INFO       gn_mode: 3.955
[2025-05-15 15:57:35] INFO       gn_variance: 2.798
[2025-05-15 15:57:35] INFO       gn_sample_variance: 2.797
[2025-05-15 15:57:35] INFO       gn_skew: 0.000
[2025-05-15 15:57:35] INFO       gn_kurtosis: 0.323
[2025-05-15 15:57:35] INFO       gn_aic: 157673.688
[2025-05-15 15:57:35] INFO       gn_bic: 157699.539
[2025-05-15 15:57:35] INFO     Fitting Johnsonsu Distribution
[2025-05-15 15:57:36] INFO     Fitted Johnson SU Distribution:
[2025-05-15 15:57:36] INFO       jsu_a: -0.235
[2025-05-15 15:57:36] INFO       jsu_b: 3.955
[2025-05-15 15:57:36] INFO       jsu_loc: 3.563
[2025-05-15 15:57:36] INFO       jsu_scale: 6.396
[2025-05-15 15:57:36] INFO       jsu_log_likelihood: -78873.397
[2025-05-15 15:57:36] INFO       jsu_mean: 3.956
[2025-05-15 15:57:36] INFO       jsu_median: 3.944
[2025-05-15 15:57:36] INFO       jsu_mode: 3.921
[2025-05-15 15:57:36] INFO       jsu_variance: 2.799
[2025-05-15 15:57:36] INFO       jsu_sample_variance: 2.797
[2025-05-15 15:57:36] INFO       jsu_skew: 0.048
[2025-05-15 15:57:36] INFO       jsu_kurtosis: 0.285
[2025-05-15 15:57:36] INFO       jsu_aic: 157754.793
[2025-05-15 15:57:36] INFO       jsu_bic: 157789.261
[2025-05-15 15:57:36] INFO     Fitting Logistic Distribution
[2025-05-15 15:57:36] INFO     Fitted Logistic Distribution:
[2025-05-15 15:57:36] INFO       log_loc: 3.951
[2025-05-15 15:57:36] INFO       log_scale: 0.944
[2025-05-15 15:57:36] INFO       log_log_likelihood: -79016.876
[2025-05-15 15:57:36] INFO       log_mean: 3.951
[2025-05-15 15:57:36] INFO       log_median: 3.951
[2025-05-15 15:57:36] INFO       log_mode: 3.951
[2025-05-15 15:57:36] INFO       log_variance: 2.933
[2025-05-15 15:57:36] INFO       log_sample_variance: 2.797
[2025-05-15 15:57:36] INFO       log_skew: 0.000
[2025-05-15 15:57:36] INFO       log_kurtosis: 1.200
[2025-05-15 15:57:36] INFO       log_aic: 158037.752
[2025-05-15 15:57:36] INFO       log_bic: 158054.985
[2025-05-15 15:57:36] INFO     Best fit based on AIC/BIC: Gennorm
[2025-05-15 15:57:36] INFO     - Gennorm distribution fits best based on AIC and BIC.
[2025-05-15 15:57:36] INFO     ✅ Unimodal fit (kg-based) completed in 2.56 seconds.
[2025-05-15 16:30:24] INFO     Unimodal distribution fitting for kg-based UV
[2025-05-15 16:30:24] INFO     Fitting Normal Distribution
[2025-05-15 16:30:24] INFO     Fitted Normal Distribution:
[2025-05-15 16:30:24] INFO       norm_mu: 3.956
[2025-05-15 16:30:24] INFO       norm_sigma: 1.672
[2025-05-15 16:30:24] INFO       norm_log_likelihood: -78916.520
[2025-05-15 16:30:24] INFO       norm_mean: 3.956
[2025-05-15 16:30:24] INFO       norm_median: 3.956
[2025-05-15 16:30:24] INFO       norm_mode: 3.956
[2025-05-15 16:30:24] INFO       norm_variance: 2.797
[2025-05-15 16:30:24] INFO       norm_sample_variance: 2.797
[2025-05-15 16:30:24] INFO       norm_skew: 0.000
[2025-05-15 16:30:24] INFO       norm_kurtosis: 0.000
[2025-05-15 16:30:24] INFO       norm_aic: 157837.040
[2025-05-15 16:30:24] INFO       norm_bic: 157854.274
[2025-05-15 16:30:24] INFO     Fitting Skewnorm Distribution
[2025-05-15 16:30:24] INFO     Fitted Skew-Normal Distribution:
[2025-05-15 16:30:24] INFO       skew_a: 0.698
[2025-05-15 16:30:24] INFO       skew_loc: 3.098
[2025-05-15 16:30:24] INFO       skew_scale: 1.880
[2025-05-15 16:30:24] INFO       skew_log_likelihood: -78904.958
[2025-05-15 16:30:24] INFO       skew_mean: 3.956
[2025-05-15 16:30:24] INFO       skew_median: 3.940
[2025-05-15 16:30:24] INFO       skew_mode: 3.907
[2025-05-15 16:30:24] INFO       skew_variance: 2.797
[2025-05-15 16:30:24] INFO       skew_sample_variance: 2.797
[2025-05-15 16:30:24] INFO       skew_skew: 0.058
[2025-05-15 16:30:24] INFO       skew_kurtosis: 0.020
[2025-05-15 16:30:24] INFO       skew_aic: 157815.916
[2025-05-15 16:30:24] INFO       skew_bic: 157841.767
[2025-05-15 16:30:24] INFO     Fitting Studentt Distribution
[2025-05-15 16:30:26] INFO     Fitted Student-t Distribution:
[2025-05-15 16:30:26] INFO       t_df: 25.946
[2025-05-15 16:30:26] INFO       t_loc: 3.954
[2025-05-15 16:30:26] INFO       t_scale: 1.607
[2025-05-15 16:30:26] INFO       t_log_likelihood: -78881.396
[2025-05-15 16:30:26] INFO       t_mean: 3.954
[2025-05-15 16:30:26] INFO       t_median: 3.954
[2025-05-15 16:30:26] INFO       t_mode: 3.954
[2025-05-15 16:30:26] INFO       t_variance: 2.799
[2025-05-15 16:30:26] INFO       t_sample_variance: 2.797
[2025-05-15 16:30:26] INFO       t_skew: 0.000
[2025-05-15 16:30:26] INFO       t_kurtosis: 0.273
[2025-05-15 16:30:26] INFO       t_aic: 157768.792
[2025-05-15 16:30:26] INFO       t_bic: 157794.643
[2025-05-15 16:30:26] INFO     Fitting Gennorm Distribution
[2025-05-15 16:30:26] INFO     Fitted Generalized Normal Distribution:
[2025-05-15 16:30:26] INFO       gn_beta: 1.736
[2025-05-15 16:30:26] INFO       gn_loc: 3.955
[2025-05-15 16:30:26] INFO       gn_scale: 2.176
[2025-05-15 16:30:26] INFO       gn_log_likelihood: -78833.844
[2025-05-15 16:30:26] INFO       gn_mean: 3.955
[2025-05-15 16:30:26] INFO       gn_median: 3.955
[2025-05-15 16:30:26] INFO       gn_mode: 3.955
[2025-05-15 16:30:26] INFO       gn_variance: 2.798
[2025-05-15 16:30:26] INFO       gn_sample_variance: 2.797
[2025-05-15 16:30:26] INFO       gn_skew: 0.000
[2025-05-15 16:30:26] INFO       gn_kurtosis: 0.323
[2025-05-15 16:30:26] INFO       gn_aic: 157673.688
[2025-05-15 16:30:26] INFO       gn_bic: 157699.539
[2025-05-15 16:30:26] INFO     Fitting Johnsonsu Distribution
[2025-05-15 16:30:26] INFO     Fitted Johnson SU Distribution:
[2025-05-15 16:30:26] INFO       jsu_a: -0.235
[2025-05-15 16:30:26] INFO       jsu_b: 3.955
[2025-05-15 16:30:26] INFO       jsu_loc: 3.563
[2025-05-15 16:30:26] INFO       jsu_scale: 6.396
[2025-05-15 16:30:26] INFO       jsu_log_likelihood: -78873.397
[2025-05-15 16:30:26] INFO       jsu_mean: 3.956
[2025-05-15 16:30:26] INFO       jsu_median: 3.944
[2025-05-15 16:30:26] INFO       jsu_mode: 3.921
[2025-05-15 16:30:26] INFO       jsu_variance: 2.799
[2025-05-15 16:30:26] INFO       jsu_sample_variance: 2.797
[2025-05-15 16:30:26] INFO       jsu_skew: 0.048
[2025-05-15 16:30:26] INFO       jsu_kurtosis: 0.285
[2025-05-15 16:30:26] INFO       jsu_aic: 157754.793
[2025-05-15 16:30:26] INFO       jsu_bic: 157789.261
[2025-05-15 16:30:26] INFO     Fitting Logistic Distribution
[2025-05-15 16:30:26] INFO     Fitted Logistic Distribution:
[2025-05-15 16:30:26] INFO       log_loc: 3.951
[2025-05-15 16:30:26] INFO       log_scale: 0.944
[2025-05-15 16:30:26] INFO       log_log_likelihood: -79016.876
[2025-05-15 16:30:26] INFO       log_mean: 3.951
[2025-05-15 16:30:26] INFO       log_median: 3.951
[2025-05-15 16:30:26] INFO       log_mode: 3.951
[2025-05-15 16:30:26] INFO       log_variance: 2.933
[2025-05-15 16:30:26] INFO       log_sample_variance: 2.797
[2025-05-15 16:30:26] INFO       log_skew: 0.000
[2025-05-15 16:30:26] INFO       log_kurtosis: 1.200
[2025-05-15 16:30:26] INFO       log_aic: 158037.752
[2025-05-15 16:30:26] INFO       log_bic: 158054.985
[2025-05-15 16:30:26] INFO     Best fit based on AIC/BIC: Gennorm
[2025-05-15 16:30:26] INFO     - Gennorm distribution fits best based on AIC and BIC.
[2025-05-15 16:30:26] INFO     ✅ Unimodal fit (kg-based) completed in 2.41 seconds.
[2025-05-15 16:35:49] INFO     Unimodal distribution fitting for kg-based UV
[2025-05-15 16:35:49] INFO     ==================================================
[2025-05-15 16:35:49] INFO     Fitting Normal Distribution
[2025-05-15 16:35:49] INFO     Fitted Normal Distribution
[2025-05-15 16:35:49] INFO     normal_params: (3.9562362689549526, 1.6723795573644589)
[2025-05-15 16:35:49] INFO     normal_loglik: -78916.520
[2025-05-15 16:35:49] INFO     normal_mean: 3.956
[2025-05-15 16:35:49] INFO     normal_median: 3.956
[2025-05-15 16:35:49] INFO     normal_mode: 3.956
[2025-05-15 16:35:49] INFO     normal_variance: 2.797
[2025-05-15 16:35:49] INFO     normal_sample_variance: 2.797
[2025-05-15 16:35:49] INFO     normal_skew: 0.000
[2025-05-15 16:35:49] INFO     normal_kurtosis: 0.000
[2025-05-15 16:35:49] INFO     normal_aic: 157837.040
[2025-05-15 16:35:49] INFO     normal_bic: 157854.274
[2025-05-15 16:35:49] INFO     ==================================================
[2025-05-15 16:35:49] INFO     Fitting Skewnorm Distribution
[2025-05-15 16:35:49] INFO     Fitted Skewnorm Distribution
[2025-05-15 16:35:49] INFO     skewnorm_params: (0.698049461295431, 3.0978326209156144, 1.8798137068631435)
[2025-05-15 16:35:49] INFO     skewnorm_loglik: -78904.958
[2025-05-15 16:35:49] INFO     skewnorm_mean: 3.956
[2025-05-15 16:35:49] INFO     skewnorm_median: 3.940
[2025-05-15 16:35:49] INFO     skewnorm_mode: 3.907
[2025-05-15 16:35:49] INFO     skewnorm_variance: 2.797
[2025-05-15 16:35:49] INFO     skewnorm_sample_variance: 2.797
[2025-05-15 16:35:49] INFO     skewnorm_skew: 0.058
[2025-05-15 16:35:49] INFO     skewnorm_kurtosis: 0.020
[2025-05-15 16:35:49] INFO     skewnorm_aic: 157815.916
[2025-05-15 16:35:49] INFO     skewnorm_bic: 157841.767
[2025-05-15 16:35:49] INFO     ==================================================
[2025-05-15 16:35:49] INFO     Fitting Studentt Distribution
[2025-05-15 16:35:50] INFO     Fitted Studentt Distribution
[2025-05-15 16:35:50] INFO     studentt_params: (25.945668410304073, 3.953603632748342, 1.6071836170481242)
[2025-05-15 16:35:50] INFO     studentt_loglik: -78881.396
[2025-05-15 16:35:50] INFO     studentt_mean: 3.954
[2025-05-15 16:35:50] INFO     studentt_median: 3.954
[2025-05-15 16:35:50] INFO     studentt_mode: 3.954
[2025-05-15 16:35:50] INFO     studentt_variance: 2.799
[2025-05-15 16:35:50] INFO     studentt_sample_variance: 2.797
[2025-05-15 16:35:50] INFO     studentt_skew: 0.000
[2025-05-15 16:35:50] INFO     studentt_kurtosis: 0.273
[2025-05-15 16:35:50] INFO     studentt_aic: 157768.792
[2025-05-15 16:35:50] INFO     studentt_bic: 157794.643
[2025-05-15 16:35:50] INFO     ==================================================
[2025-05-15 16:35:50] INFO     Fitting Gennorm Distribution
[2025-05-15 16:35:50] INFO     Fitted Gennorm Distribution
[2025-05-15 16:35:50] INFO     gennorm_params: (1.7362477127710436, 3.9545621552954735, 2.1758755251044737)
[2025-05-15 16:35:50] INFO     gennorm_loglik: -78833.844
[2025-05-15 16:35:50] INFO     gennorm_mean: 3.955
[2025-05-15 16:35:50] INFO     gennorm_median: 3.955
[2025-05-15 16:35:50] INFO     gennorm_mode: 3.955
[2025-05-15 16:35:50] INFO     gennorm_variance: 2.798
[2025-05-15 16:35:50] INFO     gennorm_sample_variance: 2.797
[2025-05-15 16:35:50] INFO     gennorm_skew: 0.000
[2025-05-15 16:35:50] INFO     gennorm_kurtosis: 0.323
[2025-05-15 16:35:50] INFO     gennorm_aic: 157673.688
[2025-05-15 16:35:50] INFO     gennorm_bic: 157699.539
[2025-05-15 16:35:50] INFO     ==================================================
[2025-05-15 16:35:50] INFO     Fitting Johnsonsu Distribution
[2025-05-15 16:35:51] INFO     Fitted Johnsonsu Distribution
[2025-05-15 16:35:51] INFO     johnsonsu_params: (-0.2354226772607876, 3.955449166043041, 3.5629729833132746, 6.395529695687911)
[2025-05-15 16:35:51] INFO     johnsonsu_loglik: -78873.397
[2025-05-15 16:35:51] INFO     johnsonsu_mean: 3.956
[2025-05-15 16:35:51] INFO     johnsonsu_median: 3.944
[2025-05-15 16:35:51] INFO     johnsonsu_mode: 3.921
[2025-05-15 16:35:51] INFO     johnsonsu_variance: 2.799
[2025-05-15 16:35:51] INFO     johnsonsu_sample_variance: 2.797
[2025-05-15 16:35:51] INFO     johnsonsu_skew: 0.048
[2025-05-15 16:35:51] INFO     johnsonsu_kurtosis: 0.285
[2025-05-15 16:35:51] INFO     johnsonsu_aic: 157754.793
[2025-05-15 16:35:51] INFO     johnsonsu_bic: 157789.261
[2025-05-15 16:35:51] INFO     ==================================================
[2025-05-15 16:35:51] INFO     Fitting Logistic Distribution
[2025-05-15 16:35:51] INFO     Fitted Logistic Distribution
[2025-05-15 16:35:51] INFO     logistic_params: (3.9507543366832234, 0.9442350181966365)
[2025-05-15 16:35:51] INFO     logistic_loglik: -79016.876
[2025-05-15 16:35:51] INFO     logistic_mean: 3.951
[2025-05-15 16:35:51] INFO     logistic_median: 3.951
[2025-05-15 16:35:51] INFO     logistic_mode: 3.951
[2025-05-15 16:35:51] INFO     logistic_variance: 2.933
[2025-05-15 16:35:51] INFO     logistic_sample_variance: 2.797
[2025-05-15 16:35:51] INFO     logistic_skew: 0.000
[2025-05-15 16:35:51] INFO     logistic_kurtosis: 1.200
[2025-05-15 16:35:51] INFO     logistic_aic: 158037.752
[2025-05-15 16:35:51] INFO     logistic_bic: 158054.985
[2025-05-15 16:35:51] INFO     ==================================================
[2025-05-15 16:35:51] INFO     Best fit based on AIC/BIC: Gennorm
[2025-05-15 16:35:51] INFO     - Gennorm distribution fits best based on AIC and BIC.
[2025-05-15 16:35:51] INFO     ✅ Unimodal fit (kg-based) completed in 2.42 seconds.
[2025-05-15 17:05:44] INFO     Unimodal distribution fitting for kg-based UV
[2025-05-15 17:05:44] INFO     ==================================================
[2025-05-15 17:05:44] INFO     Fitting Normal Distribution
[2025-05-15 17:05:44] INFO     Fitted Normal Distribution
[2025-05-15 17:05:44] INFO     normal_params: (3.9562362689549526, 1.6723795573644589)
[2025-05-15 17:05:44] INFO     normal_loglik: -78916.520
[2025-05-15 17:05:44] INFO     normal_mean: 3.956
[2025-05-15 17:05:44] INFO     normal_median: 3.956
[2025-05-15 17:05:44] INFO     normal_mode: 3.956
[2025-05-15 17:05:44] INFO     normal_variance: 2.797
[2025-05-15 17:05:44] INFO     normal_sample_variance: 2.797
[2025-05-15 17:05:44] INFO     normal_skew: 0.000
[2025-05-15 17:05:44] INFO     normal_kurtosis: 0.000
[2025-05-15 17:05:44] INFO     normal_aic: 157837.040
[2025-05-15 17:05:44] INFO     normal_bic: 157854.274
[2025-05-15 17:05:44] INFO     ==================================================
[2025-05-15 17:05:44] INFO     Fitting Skewnorm Distribution
[2025-05-15 17:05:44] INFO     Fitted Skewnorm Distribution
[2025-05-15 17:05:44] INFO     skewnorm_params: (0.698049461295431, 3.0978326209156144, 1.8798137068631435)
[2025-05-15 17:05:44] INFO     skewnorm_loglik: -78904.958
[2025-05-15 17:05:44] INFO     skewnorm_mean: 3.956
[2025-05-15 17:05:44] INFO     skewnorm_median: 3.940
[2025-05-15 17:05:44] INFO     skewnorm_mode: 3.907
[2025-05-15 17:05:44] INFO     skewnorm_variance: 2.797
[2025-05-15 17:05:44] INFO     skewnorm_sample_variance: 2.797
[2025-05-15 17:05:44] INFO     skewnorm_skew: 0.058
[2025-05-15 17:05:44] INFO     skewnorm_kurtosis: 0.020
[2025-05-15 17:05:44] INFO     skewnorm_aic: 157815.916
[2025-05-15 17:05:44] INFO     skewnorm_bic: 157841.767
[2025-05-15 17:05:44] INFO     ==================================================
[2025-05-15 17:05:44] INFO     Fitting Studentt Distribution
[2025-05-15 17:05:46] INFO     Fitted Studentt Distribution
[2025-05-15 17:05:46] INFO     studentt_params: (25.945668410304073, 3.953603632748342, 1.6071836170481242)
[2025-05-15 17:05:46] INFO     studentt_loglik: -78881.396
[2025-05-15 17:05:46] INFO     studentt_mean: 3.954
[2025-05-15 17:05:46] INFO     studentt_median: 3.954
[2025-05-15 17:05:46] INFO     studentt_mode: 3.954
[2025-05-15 17:05:46] INFO     studentt_variance: 2.799
[2025-05-15 17:05:46] INFO     studentt_sample_variance: 2.797
[2025-05-15 17:05:46] INFO     studentt_skew: 0.000
[2025-05-15 17:05:46] INFO     studentt_kurtosis: 0.273
[2025-05-15 17:05:46] INFO     studentt_aic: 157768.792
[2025-05-15 17:05:46] INFO     studentt_bic: 157794.643
[2025-05-15 17:05:46] INFO     ==================================================
[2025-05-15 17:05:46] INFO     Fitting Gennorm Distribution
[2025-05-15 17:05:46] INFO     Fitted Gennorm Distribution
[2025-05-15 17:05:46] INFO     gennorm_params: (1.7362477127710436, 3.9545621552954735, 2.1758755251044737)
[2025-05-15 17:05:46] INFO     gennorm_loglik: -78833.844
[2025-05-15 17:05:46] INFO     gennorm_mean: 3.955
[2025-05-15 17:05:46] INFO     gennorm_median: 3.955
[2025-05-15 17:05:46] INFO     gennorm_mode: 3.955
[2025-05-15 17:05:46] INFO     gennorm_variance: 2.798
[2025-05-15 17:05:46] INFO     gennorm_sample_variance: 2.797
[2025-05-15 17:05:46] INFO     gennorm_skew: 0.000
[2025-05-15 17:05:46] INFO     gennorm_kurtosis: 0.323
[2025-05-15 17:05:46] INFO     gennorm_aic: 157673.688
[2025-05-15 17:05:46] INFO     gennorm_bic: 157699.539
[2025-05-15 17:05:46] INFO     ==================================================
[2025-05-15 17:05:46] INFO     Fitting Johnsonsu Distribution
[2025-05-15 17:05:47] INFO     Fitted Johnsonsu Distribution
[2025-05-15 17:05:47] INFO     johnsonsu_params: (-0.2354226772607876, 3.955449166043041, 3.5629729833132746, 6.395529695687911)
[2025-05-15 17:05:47] INFO     johnsonsu_loglik: -78873.397
[2025-05-15 17:05:47] INFO     johnsonsu_mean: 3.956
[2025-05-15 17:05:47] INFO     johnsonsu_median: 3.944
[2025-05-15 17:05:47] INFO     johnsonsu_mode: 3.921
[2025-05-15 17:05:47] INFO     johnsonsu_variance: 2.799
[2025-05-15 17:05:47] INFO     johnsonsu_sample_variance: 2.797
[2025-05-15 17:05:47] INFO     johnsonsu_skew: 0.048
[2025-05-15 17:05:47] INFO     johnsonsu_kurtosis: 0.285
[2025-05-15 17:05:47] INFO     johnsonsu_aic: 157754.793
[2025-05-15 17:05:47] INFO     johnsonsu_bic: 157789.261
[2025-05-15 17:05:47] INFO     ==================================================
[2025-05-15 17:05:47] INFO     Fitting Logistic Distribution
[2025-05-15 17:05:47] INFO     Fitted Logistic Distribution
[2025-05-15 17:05:47] INFO     logistic_params: (3.9507543366832234, 0.9442350181966365)
[2025-05-15 17:05:47] INFO     logistic_loglik: -79016.876
[2025-05-15 17:05:47] INFO     logistic_mean: 3.951
[2025-05-15 17:05:47] INFO     logistic_median: 3.951
[2025-05-15 17:05:47] INFO     logistic_mode: 3.951
[2025-05-15 17:05:47] INFO     logistic_variance: 2.933
[2025-05-15 17:05:47] INFO     logistic_sample_variance: 2.797
[2025-05-15 17:05:47] INFO     logistic_skew: 0.000
[2025-05-15 17:05:47] INFO     logistic_kurtosis: 1.200
[2025-05-15 17:05:47] INFO     logistic_aic: 158037.752
[2025-05-15 17:05:47] INFO     logistic_bic: 158054.985
[2025-05-15 17:05:47] INFO     ==================================================
[2025-05-15 17:05:47] INFO     Best fit based on AIC/BIC: Gennorm
[2025-05-15 17:05:47] INFO     - Gennorm distribution fits best based on AIC and BIC.
[2025-05-15 17:05:47] INFO     ✅ Unimodal fit (kg-based) completed in 3.19 seconds.
[2025-05-15 22:54:59] INFO     ==================================================
[2025-05-15 22:54:59] INFO     Fitting Normal Distribution
[2025-05-15 22:54:59] INFO     Fitted Normal Distribution
[2025-05-15 22:54:59] INFO     normal_params: (3.9562362689549526, 1.6723795573644589)
[2025-05-15 22:54:59] INFO     normal_loglik: -78916.520
[2025-05-15 22:54:59] INFO     normal_mean: 3.956
[2025-05-15 22:54:59] INFO     normal_median: 3.956
[2025-05-15 22:54:59] INFO     normal_mode: 3.956
[2025-05-15 22:54:59] INFO     normal_variance: 2.797
[2025-05-15 22:54:59] INFO     normal_sample_variance: 2.797
[2025-05-15 22:54:59] INFO     normal_skew: 0.000
[2025-05-15 22:54:59] INFO     normal_kurtosis: 0.000
[2025-05-15 22:54:59] INFO     normal_aic: 157837.040
[2025-05-15 22:54:59] INFO     normal_bic: 157854.274
[2025-05-15 22:54:59] INFO     ==================================================
[2025-05-15 22:54:59] INFO     Fitting Skewnorm Distribution
[2025-05-15 22:54:59] INFO     Fitted Skewnorm Distribution
[2025-05-15 22:54:59] INFO     skewnorm_params: (0.698049461295431, 3.0978326209156144, 1.8798137068631435)
[2025-05-15 22:54:59] INFO     skewnorm_loglik: -78904.958
[2025-05-15 22:54:59] INFO     skewnorm_mean: 3.956
[2025-05-15 22:54:59] INFO     skewnorm_median: 3.940
[2025-05-15 22:54:59] INFO     skewnorm_mode: 3.907
[2025-05-15 22:54:59] INFO     skewnorm_variance: 2.797
[2025-05-15 22:54:59] INFO     skewnorm_sample_variance: 2.797
[2025-05-15 22:54:59] INFO     skewnorm_skew: 0.058
[2025-05-15 22:54:59] INFO     skewnorm_kurtosis: 0.020
[2025-05-15 22:54:59] INFO     skewnorm_aic: 157815.916
[2025-05-15 22:54:59] INFO     skewnorm_bic: 157841.767
[2025-05-15 22:54:59] INFO     ==================================================
[2025-05-15 22:54:59] INFO     Fitting Studentt Distribution
[2025-05-15 22:55:01] INFO     Fitted Studentt Distribution
[2025-05-15 22:55:01] INFO     studentt_params: (25.945668410304073, 3.953603632748342, 1.6071836170481242)
[2025-05-15 22:55:01] INFO     studentt_loglik: -78881.396
[2025-05-15 22:55:01] INFO     studentt_mean: 3.954
[2025-05-15 22:55:01] INFO     studentt_median: 3.954
[2025-05-15 22:55:01] INFO     studentt_mode: 3.954
[2025-05-15 22:55:01] INFO     studentt_variance: 2.799
[2025-05-15 22:55:01] INFO     studentt_sample_variance: 2.797
[2025-05-15 22:55:01] INFO     studentt_skew: 0.000
[2025-05-15 22:55:01] INFO     studentt_kurtosis: 0.273
[2025-05-15 22:55:01] INFO     studentt_aic: 157768.792
[2025-05-15 22:55:01] INFO     studentt_bic: 157794.643
[2025-05-15 22:55:01] INFO     ==================================================
[2025-05-15 22:55:01] INFO     Fitting Gennorm Distribution
[2025-05-15 22:55:01] INFO     Fitted Gennorm Distribution
[2025-05-15 22:55:01] INFO     gennorm_params: (1.7362477127710436, 3.9545621552954735, 2.1758755251044737)
[2025-05-15 22:55:01] INFO     gennorm_loglik: -78833.844
[2025-05-15 22:55:01] INFO     gennorm_mean: 3.955
[2025-05-15 22:55:01] INFO     gennorm_median: 3.955
[2025-05-15 22:55:01] INFO     gennorm_mode: 3.955
[2025-05-15 22:55:01] INFO     gennorm_variance: 2.798
[2025-05-15 22:55:01] INFO     gennorm_sample_variance: 2.797
[2025-05-15 22:55:01] INFO     gennorm_skew: 0.000
[2025-05-15 22:55:01] INFO     gennorm_kurtosis: 0.323
[2025-05-15 22:55:01] INFO     gennorm_aic: 157673.688
[2025-05-15 22:55:01] INFO     gennorm_bic: 157699.539
[2025-05-15 22:55:01] INFO     ==================================================
[2025-05-15 22:55:01] INFO     Fitting Johnsonsu Distribution
[2025-05-15 22:55:01] INFO     Fitted Johnsonsu Distribution
[2025-05-15 22:55:01] INFO     johnsonsu_params: (-0.2354226772607876, 3.955449166043041, 3.5629729833132746, 6.395529695687911)
[2025-05-15 22:55:01] INFO     johnsonsu_loglik: -78873.397
[2025-05-15 22:55:01] INFO     johnsonsu_mean: 3.956
[2025-05-15 22:55:01] INFO     johnsonsu_median: 3.944
[2025-05-15 22:55:01] INFO     johnsonsu_mode: 3.921
[2025-05-15 22:55:01] INFO     johnsonsu_variance: 2.799
[2025-05-15 22:55:02] INFO     johnsonsu_sample_variance: 2.797
[2025-05-15 22:55:02] INFO     johnsonsu_skew: 0.048
[2025-05-15 22:55:02] INFO     johnsonsu_kurtosis: 0.285
[2025-05-15 22:55:02] INFO     johnsonsu_aic: 157754.793
[2025-05-15 22:55:02] INFO     johnsonsu_bic: 157789.261
[2025-05-15 22:55:02] INFO     ==================================================
[2025-05-15 22:55:02] INFO     Fitting Logistic Distribution
[2025-05-15 22:55:02] INFO     Fitted Logistic Distribution
[2025-05-15 22:55:02] INFO     logistic_params: (3.9507543366832234, 0.9442350181966365)
[2025-05-15 22:55:02] INFO     logistic_loglik: -79016.876
[2025-05-15 22:55:02] INFO     logistic_mean: 3.951
[2025-05-15 22:55:02] INFO     logistic_median: 3.951
[2025-05-15 22:55:02] INFO     logistic_mode: 3.951
[2025-05-15 22:55:02] INFO     logistic_variance: 2.933
[2025-05-15 22:55:02] INFO     logistic_sample_variance: 2.797
[2025-05-15 22:55:02] INFO     logistic_skew: 0.000
[2025-05-15 22:55:02] INFO     logistic_kurtosis: 1.200
[2025-05-15 22:55:02] INFO     logistic_aic: 158037.752
[2025-05-15 22:55:02] INFO     logistic_bic: 158054.985
[2025-05-15 22:55:02] INFO     ==================================================
[2025-05-15 22:55:02] INFO     Best fit based on AIC/BIC: Gennorm
[2025-05-15 22:55:11] INFO     Unimodal distribution fitting for kg-based UV
[2025-05-15 22:55:11] INFO     ==================================================
[2025-05-15 22:55:11] INFO     Fitting Normal Distribution
[2025-05-15 22:55:11] INFO     Fitted Normal Distribution
[2025-05-15 22:55:11] INFO     normal_params: (3.9562362689549526, 1.6723795573644589)
[2025-05-15 22:55:11] INFO     normal_loglik: -78916.520
[2025-05-15 22:55:11] INFO     normal_mean: 3.956
[2025-05-15 22:55:11] INFO     normal_median: 3.956
[2025-05-15 22:55:11] INFO     normal_mode: 3.956
[2025-05-15 22:55:11] INFO     normal_variance: 2.797
[2025-05-15 22:55:11] INFO     normal_sample_variance: 2.797
[2025-05-15 22:55:11] INFO     normal_skew: 0.000
[2025-05-15 22:55:11] INFO     normal_kurtosis: 0.000
[2025-05-15 22:55:11] INFO     normal_aic: 157837.040
[2025-05-15 22:55:11] INFO     normal_bic: 157854.274
[2025-05-15 22:55:11] INFO     ==================================================
[2025-05-15 22:55:11] INFO     Fitting Skewnorm Distribution
[2025-05-15 22:55:11] INFO     Fitted Skewnorm Distribution
[2025-05-15 22:55:11] INFO     skewnorm_params: (0.698049461295431, 3.0978326209156144, 1.8798137068631435)
[2025-05-15 22:55:11] INFO     skewnorm_loglik: -78904.958
[2025-05-15 22:55:11] INFO     skewnorm_mean: 3.956
[2025-05-15 22:55:11] INFO     skewnorm_median: 3.940
[2025-05-15 22:55:11] INFO     skewnorm_mode: 3.907
[2025-05-15 22:55:11] INFO     skewnorm_variance: 2.797
[2025-05-15 22:55:11] INFO     skewnorm_sample_variance: 2.797
[2025-05-15 22:55:11] INFO     skewnorm_skew: 0.058
[2025-05-15 22:55:11] INFO     skewnorm_kurtosis: 0.020
[2025-05-15 22:55:11] INFO     skewnorm_aic: 157815.916
[2025-05-15 22:55:11] INFO     skewnorm_bic: 157841.767
[2025-05-15 22:55:11] INFO     ==================================================
[2025-05-15 22:55:11] INFO     Fitting Studentt Distribution
[2025-05-15 22:55:13] INFO     Fitted Studentt Distribution
[2025-05-15 22:55:13] INFO     studentt_params: (25.945668410304073, 3.953603632748342, 1.6071836170481242)
[2025-05-15 22:55:13] INFO     studentt_loglik: -78881.396
[2025-05-15 22:55:13] INFO     studentt_mean: 3.954
[2025-05-15 22:55:13] INFO     studentt_median: 3.954
[2025-05-15 22:55:13] INFO     studentt_mode: 3.954
[2025-05-15 22:55:13] INFO     studentt_variance: 2.799
[2025-05-15 22:55:13] INFO     studentt_sample_variance: 2.797
[2025-05-15 22:55:13] INFO     studentt_skew: 0.000
[2025-05-15 22:55:13] INFO     studentt_kurtosis: 0.273
[2025-05-15 22:55:13] INFO     studentt_aic: 157768.792
[2025-05-15 22:55:13] INFO     studentt_bic: 157794.643
[2025-05-15 22:55:13] INFO     ==================================================
[2025-05-15 22:55:13] INFO     Fitting Gennorm Distribution
[2025-05-15 22:55:13] INFO     Fitted Gennorm Distribution
[2025-05-15 22:55:13] INFO     gennorm_params: (1.7362477127710436, 3.9545621552954735, 2.1758755251044737)
[2025-05-15 22:55:13] INFO     gennorm_loglik: -78833.844
[2025-05-15 22:55:13] INFO     gennorm_mean: 3.955
[2025-05-15 22:55:13] INFO     gennorm_median: 3.955
[2025-05-15 22:55:13] INFO     gennorm_mode: 3.955
[2025-05-15 22:55:13] INFO     gennorm_variance: 2.798
[2025-05-15 22:55:13] INFO     gennorm_sample_variance: 2.797
[2025-05-15 22:55:13] INFO     gennorm_skew: 0.000
[2025-05-15 22:55:13] INFO     gennorm_kurtosis: 0.323
[2025-05-15 22:55:13] INFO     gennorm_aic: 157673.688
[2025-05-15 22:55:13] INFO     gennorm_bic: 157699.539
[2025-05-15 22:55:13] INFO     ==================================================
[2025-05-15 22:55:13] INFO     Fitting Johnsonsu Distribution
[2025-05-15 22:55:13] INFO     Fitted Johnsonsu Distribution
[2025-05-15 22:55:13] INFO     johnsonsu_params: (-0.2354226772607876, 3.955449166043041, 3.5629729833132746, 6.395529695687911)
[2025-05-15 22:55:13] INFO     johnsonsu_loglik: -78873.397
[2025-05-15 22:55:13] INFO     johnsonsu_mean: 3.956
[2025-05-15 22:55:13] INFO     johnsonsu_median: 3.944
[2025-05-15 22:55:13] INFO     johnsonsu_mode: 3.921
[2025-05-15 22:55:13] INFO     johnsonsu_variance: 2.799
[2025-05-15 22:55:13] INFO     johnsonsu_sample_variance: 2.797
[2025-05-15 22:55:13] INFO     johnsonsu_skew: 0.048
[2025-05-15 22:55:13] INFO     johnsonsu_kurtosis: 0.285
[2025-05-15 22:55:13] INFO     johnsonsu_aic: 157754.793
[2025-05-15 22:55:13] INFO     johnsonsu_bic: 157789.261
[2025-05-15 22:55:13] INFO     ==================================================
[2025-05-15 22:55:13] INFO     Fitting Logistic Distribution
[2025-05-15 22:55:13] INFO     Fitted Logistic Distribution
[2025-05-15 22:55:13] INFO     logistic_params: (3.9507543366832234, 0.9442350181966365)
[2025-05-15 22:55:13] INFO     logistic_loglik: -79016.876
[2025-05-15 22:55:13] INFO     logistic_mean: 3.951
[2025-05-15 22:55:13] INFO     logistic_median: 3.951
[2025-05-15 22:55:13] INFO     logistic_mode: 3.951
[2025-05-15 22:55:13] INFO     logistic_variance: 2.933
[2025-05-15 22:55:13] INFO     logistic_sample_variance: 2.797
[2025-05-15 22:55:13] INFO     logistic_skew: 0.000
[2025-05-15 22:55:13] INFO     logistic_kurtosis: 1.200
[2025-05-15 22:55:13] INFO     logistic_aic: 158037.752
[2025-05-15 22:55:13] INFO     logistic_bic: 158054.985
[2025-05-15 22:55:13] INFO     ==================================================
[2025-05-15 22:55:13] INFO     Best fit based on AIC/BIC: Gennorm
[2025-05-15 22:55:13] INFO     - Gennorm distribution fits best based on AIC and BIC.
[2025-05-15 22:55:13] INFO     ✅ Unimodal fit (kg-based) completed in 2.39 seconds.
[2025-05-15 22:56:51] INFO     Bootstrapping CI (kg-based)
[2025-05-15 22:59:58] INFO     ✅ Bootstrapping CI (kg-based) completed in 3 min 7.7 sec.
